{"numTotalTestSuites":65,"numPassedTestSuites":65,"numFailedTestSuites":0,"numPendingTestSuites":0,"numTotalTests":99,"numPassedTests":99,"numFailedTests":0,"numPendingTests":0,"numTodoTests":0,"snapshot":{"added":0,"failure":false,"filesAdded":0,"filesRemoved":0,"filesRemovedList":[],"filesUnmatched":0,"filesUpdated":0,"matched":0,"total":0,"unchecked":0,"uncheckedKeysByFile":[],"unmatched":0,"updated":0,"didUpdate":false},"startTime":1782794932269,"success":true,"testResults":[{"assertionResults":[{"ancestorTitles":["adbBridge"],"fullName":"adbBridge creates reverse tunnel on success","status":"passed","title":"creates reverse tunnel on success","duration":5.338999999999942,"failureMessages":[],"meta":{},"tags":[]},{"ancestorTitles":["adbBridge"],"fullName":"adbBridge does nothing when prompt is cancelled","status":"passed","title":"does nothing when prompt is cancelled","duration":1.2214999999996508,"failureMessages":[],"meta":{},"tags":[]}],"startTime":1782794935847,"endTime":1782794935854.2214,"status":"passed","message":"","name":"C:/Tools/IntecoCLI/src/modules/adbBridge.test.ts"},{"assertionResults":[{"ancestorTitles":["adbIntentSender"],"fullName":"adbIntentSender sends broadcast intent","status":"passed","title":"sends broadcast intent","duration":5.09270000000015,"failureMessages":[],"meta":{},"tags":[]},{"ancestorTitles":["adbIntentSender"],"fullName":"adbIntentSender does nothing on cancel","status":"passed","title":"does nothing on cancel","duration":1.2981999999999516,"failureMessages":[],"meta":{},"tags":[]}],"startTime":1782794936029,"endTime":1782794936035.298,"status":"passed","message":"","name":"C:/Tools/IntecoCLI/src/modules/adbIntentSender.test.ts"},{"assertionResults":[{"ancestorTitles":["azureSync helpers"],"fullName":"azureSync helpers matches glob patterns","status":"passed","title":"matches glob patterns","duration":2.5925000000002,"failureMessages":[],"meta":{},"tags":[]},{"ancestorTitles":["azureSync helpers"],"fullName":"azureSync helpers formats bytes and validates configs","status":"passed","title":"formats bytes and validates configs","duration":1.3006000000000313,"failureMessages":[],"meta":{},"tags":[]},{"ancestorTitles":["azureSync helpers"],"fullName":"azureSync helpers loads .az-sync config and falls back from legacy include key","status":"passed","title":"loads .az-sync config and falls back from legacy include key","duration":9.890199999999822,"failureMessages":[],"meta":{},"tags":[]},{"ancestorTitles":["azureCreateSyncConfig"],"fullName":"azureCreateSyncConfig writes new config after prompts","status":"passed","title":"writes new config after prompts","duration":5.5615999999999985,"failureMessages":[],"meta":{},"tags":[]}],"startTime":1782794936128,"endTime":1782794936147.5615,"status":"passed","message":"","name":"C:/Tools/IntecoCLI/src/modules/azureSync.test.ts"},{"assertionResults":[{"ancestorTitles":["bundleProduct"],"fullName":"bundleProduct copies config, rewrites ini, zips and restores folder name","status":"passed","title":"copies config, rewrites ini, zips and restores folder name","duration":9.704400000000078,"failureMessages":[],"meta":{},"tags":[]},{"ancestorTitles":["bundleProduct"],"fullName":"bundleProduct does nothing when prompt is cancelled","status":"passed","title":"does nothing when prompt is cancelled","duration":1.1716000000001259,"failureMessages":[],"meta":{},"tags":[]}],"startTime":1782794935419,"endTime":1782794935430.1716,"status":"passed","message":"","name":"C:/Tools/IntecoCLI/src/modules/bundleProduct.test.ts"},{"assertionResults":[{"ancestorTitles":["showChangelog"],"fullName":"showChangelog prints error when releases endpoint fails","status":"passed","title":"prints error when releases endpoint fails","duration":4.299600000000055,"failureMessages":[],"meta":{},"tags":[]},{"ancestorTitles":["showChangelog"],"fullName":"showChangelog prints releases in chronological order","status":"passed","title":"prints releases in chronological order","duration":0.8947000000000571,"failureMessages":[],"meta":{},"tags":[]}],"startTime":1782794935842,"endTime":1782794935847.8948,"status":"passed","message":"","name":"C:/Tools/IntecoCLI/src/modules/changelog.test.ts"},{"assertionResults":[{"ancestorTitles":["configMutation merge helpers"],"fullName":"configMutation merge helpers addMissingNodes adds missing map keys","status":"passed","title":"addMissingNodes adds missing map keys","duration":8.536200000000008,"failureMessages":[],"meta":{},"tags":[]},{"ancestorTitles":["configMutation merge helpers"],"fullName":"configMutation merge helpers removeMissingNodes removes keys absent from source","status":"passed","title":"removeMissingNodes removes keys absent from source","duration":0.7593999999999141,"failureMessages":[],"meta":{},"tags":[]},{"ancestorTitles":["configMutation merge helpers"],"fullName":"configMutation merge helpers mergeOverwriteNodes overwrites scalar values","status":"passed","title":"mergeOverwriteNodes overwrites scalar values","duration":1.2727999999997337,"failureMessages":[],"meta":{},"tags":[]}],"startTime":1782794936449,"endTime":1782794936459.2727,"status":"passed","message":"","name":"C:/Tools/IntecoCLI/src/modules/configMutation.test.ts"},{"assertionResults":[{"ancestorTitles":["csvMerger"],"fullName":"csvMerger stops when prompt flow is cancelled","status":"passed","title":"stops when prompt flow is cancelled","duration":4.91610000000037,"failureMessages":[],"meta":{},"tags":[]},{"ancestorTitles":["csvMerger"],"fullName":"csvMerger writes merged and filtered output","status":"passed","title":"writes merged and filtered output","duration":2.1910000000002583,"failureMessages":[],"meta":{},"tags":[]}],"startTime":1782794935838,"endTime":1782794935845.191,"status":"passed","message":"","name":"C:/Tools/IntecoCLI/src/modules/csvMerger.test.ts"},{"assertionResults":[{"ancestorTitles":["deleteDBMand"],"fullName":"deleteDBMand aborts when prompt is cancelled","status":"passed","title":"aborts when prompt is cancelled","duration":4.5431999999998425,"failureMessages":[],"meta":{},"tags":[]},{"ancestorTitles":["deleteDBMand"],"fullName":"deleteDBMand fails spinner when no tables exist","status":"passed","title":"fails spinner when no tables exist","duration":2.363600000000133,"failureMessages":[],"meta":{},"tags":[]},{"ancestorTitles":["deleteDBMand"],"fullName":"deleteDBMand deletes data for matching mandant and skips others","status":"passed","title":"deletes data for matching mandant and skips others","duration":1.0949999999998,"failureMessages":[],"meta":{},"tags":[]}],"startTime":1782794935991,"endTime":1782794935999.095,"status":"passed","message":"","name":"C:/Tools/IntecoCLI/src/modules/deleteDB.test.ts"},{"assertionResults":[{"ancestorTitles":["dumpDB"],"fullName":"dumpDB executes mysqldump command","status":"passed","title":"executes mysqldump command","duration":4.793999999999869,"failureMessages":[],"meta":{},"tags":[]},{"ancestorTitles":["dumpDB"],"fullName":"dumpDB dumps selected tables when requested","status":"passed","title":"dumps selected tables when requested","duration":0.8148000000001048,"failureMessages":[],"meta":{},"tags":[]},{"ancestorTitles":["dumpDB"],"fullName":"dumpDB aborts when initial prompt is cancelled","status":"passed","title":"aborts when initial prompt is cancelled","duration":1.004699999999957,"failureMessages":[],"meta":{},"tags":[]},{"ancestorTitles":["dumpDBMand"],"fullName":"dumpDBMand fails when db has no tables","status":"passed","title":"fails when db has no tables","duration":2.060899999999947,"failureMessages":[],"meta":{},"tags":[]},{"ancestorTitles":["dumpDBMand"],"fullName":"dumpDBMand dumps matching tables and mand","status":"passed","title":"dumps matching tables and mand","duration":0.8953000000001339,"failureMessages":[],"meta":{},"tags":[]}],"startTime":1782794935262,"endTime":1782794935271.8953,"status":"passed","message":"","name":"C:/Tools/IntecoCLI/src/modules/dumpDB.test.ts"},{"assertionResults":[{"ancestorTitles":["dumpTableToCSV parsing helpers"],"fullName":"dumpTableToCSV parsing helpers parses create table header fields and skips table name","status":"passed","title":"parses create table header fields and skips table name","duration":2.01949999999988,"failureMessages":[],"meta":{},"tags":[]},{"ancestorTitles":["dumpTableToCSV parsing helpers"],"fullName":"dumpTableToCSV parsing helpers parses insert records from VALUES tuples","status":"passed","title":"parses insert records from VALUES tuples","duration":0.28449999999998,"failureMessages":[],"meta":{},"tags":[]}],"startTime":1782794936488,"endTime":1782794936490.2844,"status":"passed","message":"","name":"C:/Tools/IntecoCLI/src/modules/dumpTableToCSV.test.ts"},{"assertionResults":[{"ancestorTitles":["extdSearch"],"fullName":"extdSearch builds shell with expected configs and tables","status":"passed","title":"builds shell with expected configs and tables","duration":3.1520000000000437,"failureMessages":[],"meta":{},"tags":[]},{"ancestorTitles":["extdSearch"],"fullName":"extdSearch formats field info values through mapping helpers","status":"passed","title":"formats field info values through mapping helpers","duration":1.6621000000000095,"failureMessages":[],"meta":{},"tags":[]},{"ancestorTitles":["extdSearch"],"fullName":"extdSearch formats overview and disp-fields rows","status":"passed","title":"formats overview and disp-fields rows","duration":0.6030000000000655,"failureMessages":[],"meta":{},"tags":[]}],"startTime":1782794936089,"endTime":1782794936094.662,"status":"passed","message":"","name":"C:/Tools/IntecoCLI/src/modules/extdSearch.test.ts"},{"assertionResults":[{"ancestorTitles":["addGithubDeploymentKey"],"fullName":"addGithubDeploymentKey warns and returns when no repos are found","status":"passed","title":"warns and returns when no repos are found","duration":5.471199999999953,"failureMessages":[],"meta":{},"tags":[]},{"ancestorTitles":["addGithubDeploymentKey"],"fullName":"addGithubDeploymentKey creates deployment key with gh cli on success","status":"passed","title":"creates deployment key with gh cli on success","duration":3.840099999999893,"failureMessages":[],"meta":{},"tags":[]}],"startTime":1782794934944,"endTime":1782794934953.84,"status":"passed","message":"","name":"C:/Tools/IntecoCLI/src/modules/githubDeploymentKey.test.ts"},{"assertionResults":[{"ancestorTitles":["listGithubDeploymentKeys"],"fullName":"listGithubDeploymentKeys warns when organization has no repos","status":"passed","title":"warns when organization has no repos","duration":5.574600000000373,"failureMessages":[],"meta":{},"tags":[]},{"ancestorTitles":["listGithubDeploymentKeys"],"fullName":"listGithubDeploymentKeys lists deployment keys across repositories","status":"passed","title":"lists deployment keys across repositories","duration":38.515300000000025,"failureMessages":[],"meta":{},"tags":[]}],"startTime":1782794934680,"endTime":1782794934724.5154,"status":"passed","message":"","name":"C:/Tools/IntecoCLI/src/modules/githubDeploymentKeysList.test.ts"},{"assertionResults":[{"ancestorTitles":["githubSecurityAdvisories"],"fullName":"githubSecurityAdvisories warns when no repositories are found","status":"passed","title":"warns when no repositories are found","duration":4.260999999999967,"failureMessages":[],"meta":{},"tags":[]},{"ancestorTitles":["githubSecurityAdvisories"],"fullName":"githubSecurityAdvisories shows successful summary for repos with open advisories","status":"passed","title":"shows successful summary for repos with open advisories","duration":1.6464000000000851,"failureMessages":[],"meta":{},"tags":[]}],"startTime":1782794935103,"endTime":1782794935108.6465,"status":"passed","message":"","name":"C:/Tools/IntecoCLI/src/modules/githubSecurityAdvisories.test.ts"},{"assertionResults":[{"ancestorTitles":["graphqlSchemaExport"],"fullName":"graphqlSchemaExport writes schema file on successful introspection","status":"passed","title":"writes schema file on successful introspection","duration":4.820499999999811,"failureMessages":[],"meta":{},"tags":[]},{"ancestorTitles":["graphqlSchemaExport"],"fullName":"graphqlSchemaExport skips export when prompt is cancelled","status":"passed","title":"skips export when prompt is cancelled","duration":0.5869000000002416,"failureMessages":[],"meta":{},"tags":[]},{"ancestorTitles":["graphqlSchemaExport"],"fullName":"graphqlSchemaExport handles missing introspection data","status":"passed","title":"handles missing introspection data","duration":0.9899000000000342,"failureMessages":[],"meta":{},"tags":[]}],"startTime":1782794935736,"endTime":1782794935741.99,"status":"passed","message":"","name":"C:/Tools/IntecoCLI/src/modules/graphqlSchemaExport.test.ts"},{"assertionResults":[{"ancestorTitles":["importDB"],"fullName":"importDB imports non-archive dump and optionally recreates db","status":"passed","title":"imports non-archive dump and optionally recreates db","duration":6.628099999999904,"failureMessages":[],"meta":{},"tags":[]},{"ancestorTitles":["importDB"],"fullName":"importDB aborts on cancel","status":"passed","title":"aborts on cancel","duration":1.1170999999999367,"failureMessages":[],"meta":{},"tags":[]}],"startTime":1782794935604,"endTime":1782794935611.1172,"status":"passed","message":"","name":"C:/Tools/IntecoCLI/src/modules/importDB.test.ts"},{"assertionResults":[{"ancestorTitles":["rewriteConfig"],"fullName":"rewriteConfig rewrites properties and yaml fields","status":"passed","title":"rewrites properties and yaml fields","duration":6.1466999999997824,"failureMessages":[],"meta":{},"tags":[]},{"ancestorTitles":["rewriteConfig"],"fullName":"rewriteConfig does nothing on cancel","status":"passed","title":"does nothing on cancel","duration":0.7901999999999134,"failureMessages":[],"meta":{},"tags":[]}],"startTime":1782794935910,"endTime":1782794935916.7903,"status":"passed","message":"","name":"C:/Tools/IntecoCLI/src/modules/rewriteConfig.test.ts"},{"assertionResults":[{"ancestorTitles":["writeCLIConfig"],"fullName":"writeCLIConfig writes merged config on success","status":"passed","title":"writes merged config on success","duration":5.533699999999953,"failureMessages":[],"meta":{},"tags":[]},{"ancestorTitles":["writeCLIConfig"],"fullName":"writeCLIConfig does not write on prompt cancel","status":"passed","title":"does not write on prompt cancel","duration":1.2531000000003587,"failureMessages":[],"meta":{},"tags":[]}],"startTime":1782794935593,"endTime":1782794935600.2532,"status":"passed","message":"","name":"C:/Tools/IntecoCLI/src/modules/setCLIConfig.test.ts"},{"assertionResults":[{"ancestorTitles":["syncConfig helpers"],"fullName":"syncConfig helpers finds config directory directly under parent","status":"passed","title":"finds config directory directly under parent","duration":2.296900000000278,"failureMessages":[],"meta":{},"tags":[]},{"ancestorTitles":["syncConfig helpers"],"fullName":"syncConfig helpers throws when config directory is missing","status":"passed","title":"throws when config directory is missing","duration":0.8425999999999476,"failureMessages":[],"meta":{},"tags":[]},{"ancestorTitles":["syncConfig helpers"],"fullName":"syncConfig helpers counts deletions in dry-run mode without deleting","status":"passed","title":"counts deletions in dry-run mode without deleting","duration":1.5311999999998989,"failureMessages":[],"meta":{},"tags":[]},{"ancestorTitles":["syncConfig helpers"],"fullName":"syncConfig helpers deletes files and directories in non dry-run mode","status":"passed","title":"deletes files and directories in non dry-run mode","duration":0.5018000000000029,"failureMessages":[],"meta":{},"tags":[]}],"startTime":1782794936129,"endTime":1782794936134.5017,"status":"passed","message":"","name":"C:/Tools/IntecoCLI/src/modules/syncConfig.test.ts"},{"assertionResults":[{"ancestorTitles":["t003Rewrite"],"fullName":"t003Rewrite updates selected user","status":"passed","title":"updates selected user","duration":5.721000000000004,"failureMessages":[],"meta":{},"tags":[]},{"ancestorTitles":["t003Rewrite"],"fullName":"t003Rewrite stops after first prompt cancel","status":"passed","title":"stops after first prompt cancel","duration":0.9356999999999971,"failureMessages":[],"meta":{},"tags":[]}],"startTime":1782794934927,"endTime":1782794934933.9358,"status":"passed","message":"","name":"C:/Tools/IntecoCLI/src/modules/t003Rewrite.test.ts"},{"assertionResults":[{"ancestorTitles":["t009Search"],"fullName":"t009Search wires builder and runs shell","status":"passed","title":"wires builder and runs shell","duration":4.037600000000111,"failureMessages":[],"meta":{},"tags":[]},{"ancestorTitles":["t009Search"],"fullName":"t009Search creates overview formatter that maps known t009 fields","status":"passed","title":"creates overview formatter that maps known t009 fields","duration":1.2672999999999774,"failureMessages":[],"meta":{},"tags":[]}],"startTime":1782794935824,"endTime":1782794935829.2673,"status":"passed","message":"","name":"C:/Tools/IntecoCLI/src/modules/t009Search.test.ts"},{"assertionResults":[{"ancestorTitles":["DB"],"fullName":"DB executeQuery connects, queries, and closes","status":"passed","title":"executeQuery connects, queries, and closes","duration":5.484100000000126,"failureMessages":[],"meta":{},"tags":[]},{"ancestorTitles":["DB"],"fullName":"DB executeQueryOnDB uses provided database","status":"passed","title":"executeQueryOnDB uses provided database","duration":1.5255000000001928,"failureMessages":[],"meta":{},"tags":[]},{"ancestorTitles":["DB"],"fullName":"DB closes connection even when query fails","status":"passed","title":"closes connection even when query fails","duration":1.741099999999733,"failureMessages":[],"meta":{},"tags":[]},{"ancestorTitles":["DB"],"fullName":"DB filters out system databases","status":"passed","title":"filters out system databases","duration":0.48959999999988213,"failureMessages":[],"meta":{},"tags":[]}],"startTime":1782794935389,"endTime":1782794935398.4895,"status":"passed","message":"","name":"C:/Tools/IntecoCLI/src/utils/db/DB.test.ts"},{"assertionResults":[{"ancestorTitles":["AzureHelper"],"fullName":"AzureHelper caches container client by storage account and container","status":"passed","title":"caches container client by storage account and container","duration":2.3317000000001826,"failureMessages":[],"meta":{},"tags":[]},{"ancestorTitles":["AzureHelper"],"fullName":"AzureHelper lists containers","status":"passed","title":"lists containers","duration":0.9504000000001724,"failureMessages":[],"meta":{},"tags":[]},{"ancestorTitles":["AzureHelper"],"fullName":"AzureHelper lists blobs with md5 property passthrough","status":"passed","title":"lists blobs with md5 property passthrough","duration":0.6704999999997199,"failureMessages":[],"meta":{},"tags":[]},{"ancestorTitles":["AzureHelper"],"fullName":"AzureHelper returns base64 md5 from blob properties","status":"passed","title":"returns base64 md5 from blob properties","duration":0.44399999999996,"failureMessages":[],"meta":{},"tags":[]},{"ancestorTitles":["AzureHelper"],"fullName":"AzureHelper returns null when blob md5 lookup fails","status":"passed","title":"returns null when blob md5 lookup fails","duration":0.6446999999998297,"failureMessages":[],"meta":{},"tags":[]},{"ancestorTitles":["AzureHelper"],"fullName":"AzureHelper uploads with optional md5 and progress","status":"passed","title":"uploads with optional md5 and progress","duration":0.9254000000000815,"failureMessages":[],"meta":{},"tags":[]},{"ancestorTitles":["AzureHelper"],"fullName":"AzureHelper downloads and deletes blob","status":"passed","title":"downloads and deletes blob","duration":1.6975999999999658,"failureMessages":[],"meta":{},"tags":[]}],"startTime":1782794935367,"endTime":1782794935374.6975,"status":"passed","message":"","name":"C:/Tools/IntecoCLI/src/utils/azure/azure.test.ts"},{"assertionResults":[{"ancestorTitles":["FS.copyUpdatedFiles"],"fullName":"FS.copyUpdatedFiles creates destination and copies missing files","status":"passed","title":"creates destination and copies missing files","duration":4.2266000000001895,"failureMessages":[],"meta":{},"tags":[]},{"ancestorTitles":["FS.copyUpdatedFiles"],"fullName":"FS.copyUpdatedFiles copies updated files based on mtime","status":"passed","title":"copies updated files based on mtime","duration":43.28659999999991,"failureMessages":[],"meta":{},"tags":[]},{"ancestorTitles":["FS.copyUpdatedFiles"],"fullName":"FS.copyUpdatedFiles respects onlyCopyNonExistant flag","status":"passed","title":"respects onlyCopyNonExistant flag","duration":0.7572000000000116,"failureMessages":[],"meta":{},"tags":[]},{"ancestorTitles":["FS.copyUpdatedFiles"],"fullName":"FS.copyUpdatedFiles skips blacklisted filenames","status":"passed","title":"skips blacklisted filenames","duration":0.6476999999999862,"failureMessages":[],"meta":{},"tags":[]},{"ancestorTitles":["FS.copyAllFiles and traversal"],"fullName":"FS.copyAllFiles and traversal copies files recursively","status":"passed","title":"copies files recursively","duration":0.828899999999976,"failureMessages":[],"meta":{},"tags":[]},{"ancestorTitles":["FS.copyAllFiles and traversal"],"fullName":"FS.copyAllFiles and traversal returns all files recursively","status":"passed","title":"returns all files recursively","duration":0.5145999999999731,"failureMessages":[],"meta":{},"tags":[]},{"ancestorTitles":["FS.filePicker"],"fullName":"FS.filePicker returns selected file relative path","status":"passed","title":"returns selected file relative path","duration":0.5136999999999716,"failureMessages":[],"meta":{},"tags":[]},{"ancestorTitles":["FS.filePicker"],"fullName":"FS.filePicker select current directory and returns all files","status":"passed","title":"select current directory and returns all files","duration":0.412900000000036,"failureMessages":[],"meta":{},"tags":[]}],"startTime":1782794934541,"endTime":1782794934592.5137,"status":"passed","message":"","name":"C:/Tools/IntecoCLI/src/utils/fs/FS.test.ts"},{"assertionResults":[{"ancestorTitles":["Config"],"fullName":"Config normalizes loaded config and strips unknown keys","status":"passed","title":"normalizes loaded config and strips unknown keys","duration":399.13059999999996,"failureMessages":[],"meta":{},"tags":[]},{"ancestorTitles":["Config"],"fullName":"Config returns configured file path","status":"passed","title":"returns configured file path","duration":0.9228000000002794,"failureMessages":[],"meta":{},"tags":[]},{"ancestorTitles":["Config"],"fullName":"Config setConfigField writes merged config","status":"passed","title":"setConfigField writes merged config","duration":2.827700000000277,"failureMessages":[],"meta":{},"tags":[]},{"ancestorTitles":["Config"],"fullName":"Config setConfig persists full config","status":"passed","title":"setConfig persists full config","duration":0.8120999999996457,"failureMessages":[],"meta":{},"tags":[]}],"startTime":1782794934347,"endTime":1782794934750.812,"status":"passed","message":"","name":"C:/Tools/IntecoCLI/src/utils/config/config.test.ts"},{"assertionResults":[{"ancestorTitles":["github helpers"],"fullName":"github helpers uses GITHUB_TOKEN from environment","status":"passed","title":"uses GITHUB_TOKEN from environment","duration":2.9191000000000713,"failureMessages":[],"meta":{},"tags":[]},{"ancestorTitles":["github helpers"],"fullName":"github helpers falls back to GitHub CLI token","status":"passed","title":"falls back to GitHub CLI token","duration":1.4834999999998217,"failureMessages":[],"meta":{},"tags":[]},{"ancestorTitles":["github helpers"],"fullName":"github helpers throws when no token is available","status":"passed","title":"throws when no token is available","duration":3.487799999999879,"failureMessages":[],"meta":{},"tags":[]},{"ancestorTitles":["github helpers"],"fullName":"github helpers fetchGithubAPI sends expected headers","status":"passed","title":"fetchGithubAPI sends expected headers","duration":1.595799999999599,"failureMessages":[],"meta":{},"tags":[]},{"ancestorTitles":["github helpers"],"fullName":"github helpers maps 404 from fetchGithubAPI to explicit message","status":"passed","title":"maps 404 from fetchGithubAPI to explicit message","duration":0.4497999999998683,"failureMessages":[],"meta":{},"tags":[]},{"ancestorTitles":["github helpers"],"fullName":"github helpers fetchPaginatedGithubAPI collects all pages","status":"passed","title":"fetchPaginatedGithubAPI collects all pages","duration":0.6576999999997497,"failureMessages":[],"meta":{},"tags":[]},{"ancestorTitles":["github helpers"],"fullName":"github helpers returns collected items when a later page fails","status":"passed","title":"returns collected items when a later page fails","duration":0.34320000000025175,"failureMessages":[],"meta":{},"tags":[]}],"startTime":1782794935020,"endTime":1782794935031.6577,"status":"passed","message":"","name":"C:/Tools/IntecoCLI/src/utils/github/github.test.ts"},{"assertionResults":[{"ancestorTitles":["DatabaseShell"],"fullName":"DatabaseShell cleanData removes table prefix and appends table name","status":"passed","title":"cleanData removes table prefix and appends table name","duration":3.0776999999998225,"failureMessages":[],"meta":{},"tags":[]},{"ancestorTitles":["DatabaseShell"],"fullName":"DatabaseShell configure sets db and selected tables","status":"passed","title":"configure sets db and selected tables","duration":2.340599999999995,"failureMessages":[],"meta":{},"tags":[]},{"ancestorTitles":["DatabaseShell"],"fullName":"DatabaseShell renderTable and fuzzySearch use config","status":"passed","title":"renderTable and fuzzySearch use config","duration":1.0743000000002212,"failureMessages":[],"meta":{},"tags":[]},{"ancestorTitles":["DatabaseShell"],"fullName":"DatabaseShell deleteRow builds sql and reloads data","status":"passed","title":"deleteRow builds sql and reloads data","duration":0.43160000000034415,"failureMessages":[],"meta":{},"tags":[]}],"startTime":1782794935571,"endTime":1782794935577.4316,"status":"passed","message":"","name":"C:/Tools/IntecoCLI/src/utils/shell/DatabaseShell.test.ts"},{"assertionResults":[{"ancestorTitles":["TableConfig"],"fullName":"TableConfig supports fluent configuration","status":"passed","title":"supports fluent configuration","duration":3.229899999999816,"failureMessages":[],"meta":{},"tags":[]},{"ancestorTitles":["DatabaseShellBuilder"],"fullName":"DatabaseShellBuilder throws when building without config","status":"passed","title":"throws when building without config","duration":1.7570999999998094,"failureMessages":[],"meta":{},"tags":[]},{"ancestorTitles":["DatabaseShellBuilder"],"fullName":"DatabaseShellBuilder builds shell with first config and tables","status":"passed","title":"builds shell with first config and tables","duration":1.3328000000001339,"failureMessages":[],"meta":{},"tags":[]},{"ancestorTitles":["DatabaseShellBuilder"],"fullName":"DatabaseShellBuilder adds edit tool commands when configured","status":"passed","title":"adds edit tool commands when configured","duration":0.38049999999975626,"failureMessages":[],"meta":{},"tags":[]}],"startTime":1782794936596,"endTime":1782794936603.3806,"status":"passed","message":"","name":"C:/Tools/IntecoCLI/src/utils/shell/DatabaseShellBuilder.test.ts"},{"assertionResults":[{"ancestorTitles":["Shell"],"fullName":"Shell handleCommand returns true when first handler matches","status":"passed","title":"handleCommand returns true when first handler matches","duration":2.82970000000023,"failureMessages":[],"meta":{},"tags":[]},{"ancestorTitles":["Shell"],"fullName":"Shell handleCommand returns false when no handler matches","status":"passed","title":"handleCommand returns false when no handler matches","duration":0.42519999999967695,"failureMessages":[],"meta":{},"tags":[]},{"ancestorTitles":["Shell"],"fullName":"Shell run dispatches input and exits when handler requests it","status":"passed","title":"run dispatches input and exits when handler requests it","duration":1.959899999999834,"failureMessages":[],"meta":{},"tags":[]},{"ancestorTitles":["Shell"],"fullName":"Shell run trims input before handling","status":"passed","title":"run trims input before handling","duration":1.2009000000002743,"failureMessages":[],"meta":{},"tags":[]}],"startTime":1782794935958,"endTime":1782794935965.201,"status":"passed","message":"","name":"C:/Tools/IntecoCLI/src/utils/shell/Shell.test.ts"},{"assertionResults":[{"ancestorTitles":["ShellBuilder"],"fullName":"ShellBuilder parses quoted and escaped args","status":"passed","title":"parses quoted and escaped args","duration":2.664099999999962,"failureMessages":[],"meta":{},"tags":[]},{"ancestorTitles":["ShellBuilder"],"fullName":"ShellBuilder builds shell with configured metadata and commands","status":"passed","title":"builds shell with configured metadata and commands","duration":1.8964999999998327,"failureMessages":[],"meta":{},"tags":[]},{"ancestorTitles":["ShellBuilder"],"fullName":"ShellBuilder executes built-in command handler for matching command","status":"passed","title":"executes built-in command handler for matching command","duration":0.6660000000001673,"failureMessages":[],"meta":{},"tags":[]},{"ancestorTitles":["ShellBuilder"],"fullName":"ShellBuilder returns false when no built-in command matches","status":"passed","title":"returns false when no built-in command matches","duration":0.172099999999773,"failureMessages":[],"meta":{},"tags":[]}],"startTime":1782794936255,"endTime":1782794936260.172,"status":"passed","message":"","name":"C:/Tools/IntecoCLI/src/utils/shell/ShellBuilder.test.ts"}],"coverageMap":{"C:\\Tools\\IntecoCLI\\src\\modules\\adbBridge.ts":{"path":"C:\\Tools\\IntecoCLI\\src\\modules\\adbBridge.ts","statementMap":{"0":{"start":{"line":8,"column":4},"end":{"line":8,"column":null}},"1":{"start":{"line":10,"column":22},"end":{"line":10,"column":null}},"2":{"start":{"line":11,"column":20},"end":{"line":11,"column":null}},"3":{"start":{"line":13,"column":18},"end":{"line":13,"column":null}},"4":{"start":{"line":14,"column":19},"end":{"line":36,"column":null}},"5":{"start":{"line":20,"column":47},"end":{"line":20,"column":110}},"6":{"start":{"line":31,"column":16},"end":{"line":31,"column":null}},"7":{"start":{"line":32,"column":16},"end":{"line":32,"column":null}},"8":{"start":{"line":33,"column":16},"end":{"line":33,"column":null}},"9":{"start":{"line":34,"column":16},"end":{"line":34,"column":null}},"10":{"start":{"line":38,"column":4},"end":{"line":44,"column":null}},"11":{"start":{"line":39,"column":27},"end":{"line":39,"column":null}},"12":{"start":{"line":40,"column":8},"end":{"line":40,"column":null}},"13":{"start":{"line":41,"column":8},"end":{"line":41,"column":null}},"14":{"start":{"line":42,"column":8},"end":{"line":42,"column":null}},"15":{"start":{"line":43,"column":8},"end":{"line":43,"column":null}}},"fnMap":{"0":{"name":"adb_bridge","decl":{"start":{"line":6,"column":30},"end":{"line":6,"column":58}},"loc":{"start":{"line":6,"column":58},"end":{"line":46,"column":null}},"line":6},"1":{"name":"(anonymous_1)","decl":{"start":{"line":20,"column":33},"end":{"line":20,"column":38}},"loc":{"start":{"line":20,"column":47},"end":{"line":20,"column":110}},"line":20},"2":{"name":"(anonymous_2)","decl":{"start":{"line":30,"column":12},"end":{"line":30,"column":28}},"loc":{"start":{"line":30,"column":28},"end":{"line":35,"column":null}},"line":30}},"branchMap":{"0":{"loc":{"start":{"line":20,"column":70},"end":{"line":20,"column":93}},"type":"binary-expr","locations":[{"start":{"line":20,"column":70},"end":{"line":20,"column":83}},{"start":{"line":20,"column":83},"end":{"line":20,"column":93}}],"line":20},"1":{"loc":{"start":{"line":38,"column":4},"end":{"line":44,"column":null}},"type":"if","locations":[{"start":{"line":38,"column":4},"end":{"line":44,"column":null}},{"start":{},"end":{}}],"line":38}},"s":{"0":2,"1":2,"2":2,"3":2,"4":2,"5":2,"6":1,"7":1,"8":1,"9":1,"10":2,"11":1,"12":1,"13":1,"14":1,"15":1},"f":{"0":2,"1":2,"2":1},"b":{"0":[2,0],"1":[1,1]},"meta":{"lastBranch":2,"lastFunction":3,"lastStatement":16,"seen":{"f:6:30:6:58":0,"s:8:4:8:Infinity":0,"s:10:22:10:Infinity":1,"s:11:20:11:Infinity":2,"s:13:18:13:Infinity":3,"s:14:19:36:Infinity":4,"f:20:33:20:38":1,"s:20:47:20:110":5,"b:20:70:20:83:20:83:20:93":0,"f:30:12:30:28":2,"s:31:16:31:Infinity":6,"s:32:16:32:Infinity":7,"s:33:16:33:Infinity":8,"s:34:16:34:Infinity":9,"b:38:4:44:Infinity:undefined:undefined:undefined:undefined":1,"s:38:4:44:Infinity":10,"s:39:27:39:Infinity":11,"s:40:8:40:Infinity":12,"s:41:8:41:Infinity":13,"s:42:8:42:Infinity":14,"s:43:8:43:Infinity":15},"fnNames":{}}},"C:\\Tools\\IntecoCLI\\src\\modules\\changelog.ts":{"path":"C:\\Tools\\IntecoCLI\\src\\modules\\changelog.ts","statementMap":{"0":{"start":{"line":3,"column":14},"end":{"line":3,"column":null}},"1":{"start":{"line":4,"column":13},"end":{"line":4,"column":null}},"2":{"start":{"line":13,"column":14},"end":{"line":21,"column":null}},"3":{"start":{"line":23,"column":2},"end":{"line":26,"column":null}},"4":{"start":{"line":24,"column":4},"end":{"line":24,"column":null}},"5":{"start":{"line":25,"column":4},"end":{"line":25,"column":null}},"6":{"start":{"line":28,"column":19},"end":{"line":28,"column":null}},"7":{"start":{"line":31,"column":2},"end":{"line":31,"column":null}},"8":{"start":{"line":33,"column":2},"end":{"line":35,"column":null}},"9":{"start":{"line":37,"column":2},"end":{"line":63,"column":null}},"10":{"start":{"line":38,"column":18},"end":{"line":38,"column":null}},"11":{"start":{"line":40,"column":4},"end":{"line":42,"column":null}},"12":{"start":{"line":44,"column":4},"end":{"line":47,"column":null}},"13":{"start":{"line":45,"column":6},"end":{"line":45,"column":null}},"14":{"start":{"line":46,"column":6},"end":{"line":46,"column":null}},"15":{"start":{"line":50,"column":18},"end":{"line":50,"column":null}},"16":{"start":{"line":52,"column":4},"end":{"line":62,"column":null}},"17":{"start":{"line":53,"column":6},"end":{"line":61,"column":null}},"18":{"start":{"line":54,"column":8},"end":{"line":54,"column":null}},"19":{"start":{"line":55,"column":13},"end":{"line":61,"column":null}},"20":{"start":{"line":56,"column":8},"end":{"line":56,"column":null}},"21":{"start":{"line":57,"column":13},"end":{"line":61,"column":null}},"22":{"start":{"line":58,"column":8},"end":{"line":58,"column":null}},"23":{"start":{"line":60,"column":8},"end":{"line":60,"column":null}}},"fnMap":{"0":{"name":"showChangelog","decl":{"start":{"line":12,"column":15},"end":{"line":12,"column":46}},"loc":{"start":{"line":12,"column":46},"end":{"line":64,"column":null}},"line":12}},"branchMap":{"0":{"loc":{"start":{"line":23,"column":2},"end":{"line":26,"column":null}},"type":"if","locations":[{"start":{"line":23,"column":2},"end":{"line":26,"column":null}},{"start":{},"end":{}}],"line":23},"1":{"loc":{"start":{"line":38,"column":18},"end":{"line":38,"column":null}},"type":"binary-expr","locations":[{"start":{"line":38,"column":18},"end":{"line":38,"column":28}},{"start":{"line":38,"column":28},"end":{"line":38,"column":null}}],"line":38},"2":{"loc":{"start":{"line":44,"column":4},"end":{"line":47,"column":null}},"type":"if","locations":[{"start":{"line":44,"column":4},"end":{"line":47,"column":null}},{"start":{},"end":{}}],"line":44},"3":{"loc":{"start":{"line":53,"column":6},"end":{"line":61,"column":null}},"type":"if","locations":[{"start":{"line":53,"column":6},"end":{"line":61,"column":null}},{"start":{"line":55,"column":13},"end":{"line":61,"column":null}}],"line":53},"4":{"loc":{"start":{"line":53,"column":10},"end":{"line":53,"column":58}},"type":"binary-expr","locations":[{"start":{"line":53,"column":10},"end":{"line":53,"column":35}},{"start":{"line":53,"column":35},"end":{"line":53,"column":58}}],"line":53},"5":{"loc":{"start":{"line":55,"column":13},"end":{"line":61,"column":null}},"type":"if","locations":[{"start":{"line":55,"column":13},"end":{"line":61,"column":null}},{"start":{"line":57,"column":13},"end":{"line":61,"column":null}}],"line":55},"6":{"loc":{"start":{"line":57,"column":13},"end":{"line":61,"column":null}},"type":"if","locations":[{"start":{"line":57,"column":13},"end":{"line":61,"column":null}},{"start":{"line":59,"column":13},"end":{"line":61,"column":null}}],"line":57}},"s":{"0":1,"1":1,"2":2,"3":2,"4":1,"5":1,"6":1,"7":1,"8":1,"9":1,"10":2,"11":2,"12":2,"13":0,"14":0,"15":2,"16":2,"17":2,"18":2,"19":0,"20":0,"21":0,"22":0,"23":0},"f":{"0":2},"b":{"0":[1,1],"1":[2,0],"2":[0,2],"3":[2,0],"4":[2,0],"5":[0,0],"6":[0,0]},"meta":{"lastBranch":7,"lastFunction":1,"lastStatement":24,"seen":{"s:3:14:3:Infinity":0,"s:4:13:4:Infinity":1,"f:12:15:12:46":0,"s:13:14:21:Infinity":2,"b:23:2:26:Infinity:undefined:undefined:undefined:undefined":0,"s:23:2:26:Infinity":3,"s:24:4:24:Infinity":4,"s:25:4:25:Infinity":5,"s:28:19:28:Infinity":6,"s:31:2:31:Infinity":7,"s:33:2:35:Infinity":8,"s:37:2:63:Infinity":9,"s:38:18:38:Infinity":10,"b:38:18:38:28:38:28:38:Infinity":1,"s:40:4:42:Infinity":11,"b:44:4:47:Infinity:undefined:undefined:undefined:undefined":2,"s:44:4:47:Infinity":12,"s:45:6:45:Infinity":13,"s:46:6:46:Infinity":14,"s:50:18:50:Infinity":15,"s:52:4:62:Infinity":16,"b:53:6:61:Infinity:55:13:61:Infinity":3,"s:53:6:61:Infinity":17,"b:53:10:53:35:53:35:53:58":4,"s:54:8:54:Infinity":18,"b:55:13:61:Infinity:57:13:61:Infinity":5,"s:55:13:61:Infinity":19,"s:56:8:56:Infinity":20,"b:57:13:61:Infinity:59:13:61:Infinity":6,"s:57:13:61:Infinity":21,"s:58:8:58:Infinity":22,"s:60:8:60:Infinity":23},"fnNames":{}}},"C:\\Tools\\IntecoCLI\\src\\modules\\csvMerger.ts":{"path":"C:\\Tools\\IntecoCLI\\src\\modules\\csvMerger.ts","statementMap":{"0":{"start":{"line":7,"column":4},"end":{"line":7,"column":null}},"1":{"start":{"line":9,"column":18},"end":{"line":9,"column":null}},"2":{"start":{"line":11,"column":26},"end":{"line":54,"column":null}},"3":{"start":{"line":29,"column":37},"end":{"line":29,"column":null}},"4":{"start":{"line":38,"column":36},"end":{"line":38,"column":null}},"5":{"start":{"line":43,"column":36},"end":{"line":43,"column":null}},"6":{"start":{"line":49,"column":12},"end":{"line":49,"column":null}},"7":{"start":{"line":50,"column":12},"end":{"line":50,"column":null}},"8":{"start":{"line":51,"column":12},"end":{"line":51,"column":null}},"9":{"start":{"line":52,"column":12},"end":{"line":52,"column":null}},"10":{"start":{"line":57,"column":4},"end":{"line":114,"column":null}},"11":{"start":{"line":58,"column":8},"end":{"line":58,"column":null}},"12":{"start":{"line":60,"column":22},"end":{"line":60,"column":null}},"13":{"start":{"line":60,"column":94},"end":{"line":60,"column":174}},"14":{"start":{"line":62,"column":52},"end":{"line":62,"column":null}},"15":{"start":{"line":64,"column":8},"end":{"line":113,"column":null}},"16":{"start":{"line":65,"column":54},"end":{"line":65,"column":null}},"17":{"start":{"line":67,"column":12},"end":{"line":111,"column":null}},"18":{"start":{"line":69,"column":62},"end":{"line":69,"column":80}},"19":{"start":{"line":71,"column":44},"end":{"line":97,"column":null}},"20":{"start":{"line":72,"column":63},"end":{"line":72,"column":null}},"21":{"start":{"line":73,"column":24},"end":{"line":75,"column":null}},"22":{"start":{"line":74,"column":28},"end":{"line":74,"column":null}},"23":{"start":{"line":76,"column":24},"end":{"line":76,"column":null}},"24":{"start":{"line":77,"column":24},"end":{"line":77,"column":null}},"25":{"start":{"line":79,"column":24},"end":{"line":95,"column":null}},"26":{"start":{"line":80,"column":48},"end":{"line":80,"column":null}},"27":{"start":{"line":81,"column":48},"end":{"line":81,"column":null}},"28":{"start":{"line":82,"column":28},"end":{"line":93,"column":null}},"29":{"start":{"line":84,"column":36},"end":{"line":86,"column":null}},"30":{"start":{"line":85,"column":40},"end":{"line":85,"column":null}},"31":{"start":{"line":87,"column":36},"end":{"line":87,"column":null}},"32":{"start":{"line":89,"column":36},"end":{"line":91,"column":null}},"33":{"start":{"line":90,"column":40},"end":{"line":90,"column":null}},"34":{"start":{"line":92,"column":36},"end":{"line":92,"column":null}},"35":{"start":{"line":94,"column":28},"end":{"line":94,"column":null}},"36":{"start":{"line":96,"column":24},"end":{"line":96,"column":null}},"37":{"start":{"line":99,"column":20},"end":{"line":99,"column":null}},"38":{"start":{"line":101,"column":36},"end":{"line":101,"column":null}},"39":{"start":{"line":102,"column":20},"end":{"line":109,"column":null}},"40":{"start":{"line":103,"column":35},"end":{"line":103,"column":null}},"41":{"start":{"line":104,"column":24},"end":{"line":107,"column":null}},"42":{"start":{"line":105,"column":28},"end":{"line":105,"column":null}},"43":{"start":{"line":105,"column":69},"end":{"line":105,"column":96}},"44":{"start":{"line":106,"column":28},"end":{"line":106,"column":null}},"45":{"start":{"line":108,"column":24},"end":{"line":108,"column":null}},"46":{"start":{"line":108,"column":74},"end":{"line":108,"column":109}},"47":{"start":{"line":110,"column":20},"end":{"line":110,"column":null}}},"fnMap":{"0":{"name":"csvMerge","decl":{"start":{"line":6,"column":30},"end":{"line":6,"column":41}},"loc":{"start":{"line":6,"column":41},"end":{"line":118,"column":null}},"line":6},"1":{"name":"(anonymous_1)","decl":{"start":{"line":29,"column":12},"end":{"line":29,"column":19}},"loc":{"start":{"line":29,"column":37},"end":{"line":29,"column":null}},"line":29},"2":{"name":"(anonymous_2)","decl":{"start":{"line":38,"column":12},"end":{"line":38,"column":19}},"loc":{"start":{"line":38,"column":36},"end":{"line":38,"column":null}},"line":38},"3":{"name":"(anonymous_3)","decl":{"start":{"line":43,"column":12},"end":{"line":43,"column":19}},"loc":{"start":{"line":43,"column":36},"end":{"line":43,"column":null}},"line":43},"4":{"name":"(anonymous_4)","decl":{"start":{"line":48,"column":8},"end":{"line":48,"column":24}},"loc":{"start":{"line":48,"column":24},"end":{"line":53,"column":null}},"line":48},"5":{"name":"(anonymous_5)","decl":{"start":{"line":60,"column":77},"end":{"line":60,"column":85}},"loc":{"start":{"line":60,"column":94},"end":{"line":60,"column":174}},"line":60},"6":{"name":"(anonymous_6)","decl":{"start":{"line":64,"column":14},"end":{"line":64,"column":22}},"loc":{"start":{"line":64,"column":30},"end":{"line":113,"column":9}},"line":64},"7":{"name":"(anonymous_7)","decl":{"start":{"line":69,"column":20},"end":{"line":69,"column":29}},"loc":{"start":{"line":69,"column":62},"end":{"line":69,"column":80}},"line":69},"8":{"name":"(anonymous_8)","decl":{"start":{"line":70,"column":20},"end":{"line":70,"column":33}},"loc":{"start":{"line":70,"column":33},"end":{"line":111,"column":17}},"line":70},"9":{"name":"(anonymous_9)","decl":{"start":{"line":71,"column":52},"end":{"line":71,"column":57}},"loc":{"start":{"line":71,"column":65},"end":{"line":78,"column":21}},"line":71},"10":{"name":"(anonymous_10)","decl":{"start":{"line":73,"column":44},"end":{"line":73,"column":53}},"loc":{"start":{"line":73,"column":63},"end":{"line":75,"column":25}},"line":73},"11":{"name":"(anonymous_11)","decl":{"start":{"line":78,"column":23},"end":{"line":78,"column":31}},"loc":{"start":{"line":78,"column":39},"end":{"line":97,"column":21}},"line":78},"12":{"name":"(anonymous_12)","decl":{"start":{"line":102,"column":93},"end":{"line":102,"column":98}},"loc":{"start":{"line":102,"column":106},"end":{"line":109,"column":21}},"line":102},"13":{"name":"(anonymous_13)","decl":{"start":{"line":105,"column":52},"end":{"line":105,"column":57}},"loc":{"start":{"line":105,"column":67},"end":{"line":105,"column":97}},"line":105},"14":{"name":"(anonymous_14)","decl":{"start":{"line":108,"column":57},"end":{"line":108,"column":62}},"loc":{"start":{"line":108,"column":72},"end":{"line":108,"column":110}},"line":108}},"branchMap":{"0":{"loc":{"start":{"line":29,"column":37},"end":{"line":29,"column":null}},"type":"cond-expr","locations":[{"start":{"line":29,"column":52},"end":{"line":29,"column":63}},{"start":{"line":29,"column":63},"end":{"line":29,"column":null}}],"line":29},"1":{"loc":{"start":{"line":38,"column":36},"end":{"line":38,"column":null}},"type":"cond-expr","locations":[{"start":{"line":38,"column":49},"end":{"line":38,"column":58}},{"start":{"line":38,"column":58},"end":{"line":38,"column":null}}],"line":38},"2":{"loc":{"start":{"line":43,"column":36},"end":{"line":43,"column":null}},"type":"cond-expr","locations":[{"start":{"line":43,"column":49},"end":{"line":43,"column":58}},{"start":{"line":43,"column":58},"end":{"line":43,"column":null}}],"line":43},"3":{"loc":{"start":{"line":57,"column":4},"end":{"line":114,"column":null}},"type":"if","locations":[{"start":{"line":57,"column":4},"end":{"line":114,"column":null}},{"start":{},"end":{}}],"line":57},"4":{"loc":{"start":{"line":60,"column":94},"end":{"line":60,"column":174}},"type":"binary-expr","locations":[{"start":{"line":60,"column":94},"end":{"line":60,"column":111}},{"start":{"line":60,"column":111},"end":{"line":60,"column":141}},{"start":{"line":60,"column":141},"end":{"line":60,"column":174}}],"line":60},"5":{"loc":{"start":{"line":79,"column":24},"end":{"line":95,"column":null}},"type":"if","locations":[{"start":{"line":79,"column":24},"end":{"line":95,"column":null}},{"start":{},"end":{}}],"line":79},"6":{"loc":{"start":{"line":80,"column":48},"end":{"line":80,"column":null}},"type":"binary-expr","locations":[{"start":{"line":80,"column":48},"end":{"line":80,"column":77}},{"start":{"line":80,"column":77},"end":{"line":80,"column":null}}],"line":80},"7":{"loc":{"start":{"line":81,"column":48},"end":{"line":81,"column":null}},"type":"binary-expr","locations":[{"start":{"line":81,"column":48},"end":{"line":81,"column":77}},{"start":{"line":81,"column":77},"end":{"line":81,"column":null}}],"line":81},"8":{"loc":{"start":{"line":82,"column":28},"end":{"line":93,"column":null}},"type":"switch","locations":[{"start":{"line":83,"column":32},"end":{"line":87,"column":null}},{"start":{"line":88,"column":32},"end":{"line":92,"column":null}}],"line":82},"9":{"loc":{"start":{"line":84,"column":36},"end":{"line":86,"column":null}},"type":"if","locations":[{"start":{"line":84,"column":36},"end":{"line":86,"column":null}},{"start":{},"end":{}}],"line":84},"10":{"loc":{"start":{"line":89,"column":36},"end":{"line":91,"column":null}},"type":"if","locations":[{"start":{"line":89,"column":36},"end":{"line":91,"column":null}},{"start":{},"end":{}}],"line":89},"11":{"loc":{"start":{"line":104,"column":24},"end":{"line":107,"column":null}},"type":"if","locations":[{"start":{"line":104,"column":24},"end":{"line":107,"column":null}},{"start":{},"end":{}}],"line":104}},"s":{"0":2,"1":2,"2":2,"3":0,"4":0,"5":0,"6":1,"7":1,"8":1,"9":1,"10":2,"11":1,"12":1,"13":1,"14":1,"15":1,"16":1,"17":1,"18":2,"19":1,"20":2,"21":2,"22":4,"23":2,"24":2,"25":2,"26":2,"27":2,"28":2,"29":0,"30":0,"31":0,"32":2,"33":1,"34":1,"35":0,"36":0,"37":1,"38":1,"39":1,"40":1,"41":1,"42":1,"43":3,"44":1,"45":1,"46":3,"47":1},"f":{"0":2,"1":0,"2":0,"3":0,"4":1,"5":1,"6":1,"7":2,"8":1,"9":2,"10":4,"11":2,"12":1,"13":3,"14":3},"b":{"0":[0,0],"1":[0,0],"2":[0,0],"3":[1,1],"4":[1,1,1],"5":[2,0],"6":[2,0],"7":[2,0],"8":[0,2],"9":[0,0],"10":[1,1],"11":[1,0]},"meta":{"lastBranch":12,"lastFunction":15,"lastStatement":48,"seen":{"f:6:30:6:41":0,"s:7:4:7:Infinity":0,"s:9:18:9:Infinity":1,"s:11:26:54:Infinity":2,"f:29:12:29:19":1,"s:29:37:29:Infinity":3,"b:29:52:29:63:29:63:29:Infinity":0,"f:38:12:38:19":2,"s:38:36:38:Infinity":4,"b:38:49:38:58:38:58:38:Infinity":1,"f:43:12:43:19":3,"s:43:36:43:Infinity":5,"b:43:49:43:58:43:58:43:Infinity":2,"f:48:8:48:24":4,"s:49:12:49:Infinity":6,"s:50:12:50:Infinity":7,"s:51:12:51:Infinity":8,"s:52:12:52:Infinity":9,"b:57:4:114:Infinity:undefined:undefined:undefined:undefined":3,"s:57:4:114:Infinity":10,"s:58:8:58:Infinity":11,"s:60:22:60:Infinity":12,"f:60:77:60:85":5,"s:60:94:60:174":13,"b:60:94:60:111:60:111:60:141:60:141:60:174":4,"s:62:52:62:Infinity":14,"s:64:8:113:Infinity":15,"f:64:14:64:22":6,"s:65:54:65:Infinity":16,"s:67:12:111:Infinity":17,"f:69:20:69:29":7,"s:69:62:69:80":18,"f:70:20:70:33":8,"s:71:44:97:Infinity":19,"f:71:52:71:57":9,"s:72:63:72:Infinity":20,"s:73:24:75:Infinity":21,"f:73:44:73:53":10,"s:74:28:74:Infinity":22,"s:76:24:76:Infinity":23,"s:77:24:77:Infinity":24,"f:78:23:78:31":11,"b:79:24:95:Infinity:undefined:undefined:undefined:undefined":5,"s:79:24:95:Infinity":25,"s:80:48:80:Infinity":26,"b:80:48:80:77:80:77:80:Infinity":6,"s:81:48:81:Infinity":27,"b:81:48:81:77:81:77:81:Infinity":7,"b:83:32:87:Infinity:88:32:92:Infinity":8,"s:82:28:93:Infinity":28,"b:84:36:86:Infinity:undefined:undefined:undefined:undefined":9,"s:84:36:86:Infinity":29,"s:85:40:85:Infinity":30,"s:87:36:87:Infinity":31,"b:89:36:91:Infinity:undefined:undefined:undefined:undefined":10,"s:89:36:91:Infinity":32,"s:90:40:90:Infinity":33,"s:92:36:92:Infinity":34,"s:94:28:94:Infinity":35,"s:96:24:96:Infinity":36,"s:99:20:99:Infinity":37,"s:101:36:101:Infinity":38,"s:102:20:109:Infinity":39,"f:102:93:102:98":12,"s:103:35:103:Infinity":40,"b:104:24:107:Infinity:undefined:undefined:undefined:undefined":11,"s:104:24:107:Infinity":41,"s:105:28:105:Infinity":42,"f:105:52:105:57":13,"s:105:69:105:96":43,"s:106:28:106:Infinity":44,"s:108:24:108:Infinity":45,"f:108:57:108:62":14,"s:108:74:108:109":46,"s:110:20:110:Infinity":47},"fnNames":{}}},"C:\\Tools\\IntecoCLI\\src\\modules\\githubDeploymentKeysList.ts":{"path":"C:\\Tools\\IntecoCLI\\src\\modules\\githubDeploymentKeysList.ts","statementMap":{"0":{"start":{"line":34,"column":2},"end":{"line":34,"column":null}},"1":{"start":{"line":34,"column":19},"end":{"line":34,"column":null}},"2":{"start":{"line":36,"column":15},"end":{"line":36,"column":null}},"3":{"start":{"line":37,"column":14},"end":{"line":37,"column":null}},"4":{"start":{"line":38,"column":17},"end":{"line":38,"column":null}},"5":{"start":{"line":39,"column":19},"end":{"line":39,"column":null}},"6":{"start":{"line":41,"column":2},"end":{"line":41,"column":null}},"7":{"start":{"line":41,"column":22},"end":{"line":41,"column":null}},"8":{"start":{"line":42,"column":2},"end":{"line":42,"column":null}},"9":{"start":{"line":42,"column":22},"end":{"line":42,"column":null}},"10":{"start":{"line":43,"column":2},"end":{"line":43,"column":null}},"11":{"start":{"line":43,"column":20},"end":{"line":43,"column":null}},"12":{"start":{"line":44,"column":2},"end":{"line":44,"column":null}},"13":{"start":{"line":44,"column":21},"end":{"line":44,"column":null}},"14":{"start":{"line":45,"column":2},"end":{"line":45,"column":null}},"15":{"start":{"line":45,"column":22},"end":{"line":45,"column":null}},"16":{"start":{"line":47,"column":2},"end":{"line":47,"column":null}},"17":{"start":{"line":57,"column":2},"end":{"line":62,"column":null}},"18":{"start":{"line":58,"column":4},"end":{"line":58,"column":null}},"19":{"start":{"line":61,"column":4},"end":{"line":61,"column":null}},"20":{"start":{"line":69,"column":2},"end":{"line":69,"column":null}},"21":{"start":{"line":72,"column":14},"end":{"line":72,"column":null}},"22":{"start":{"line":73,"column":19},"end":{"line":73,"column":null}},"23":{"start":{"line":75,"column":2},"end":{"line":86,"column":null}},"24":{"start":{"line":76,"column":4},"end":{"line":76,"column":null}},"25":{"start":{"line":78,"column":20},"end":{"line":78,"column":null}},"26":{"start":{"line":79,"column":4},"end":{"line":79,"column":null}},"27":{"start":{"line":80,"column":4},"end":{"line":80,"column":null}},"28":{"start":{"line":81,"column":4},"end":{"line":81,"column":null}},"29":{"start":{"line":82,"column":4},"end":{"line":82,"column":null}},"30":{"start":{"line":83,"column":4},"end":{"line":83,"column":null}},"31":{"start":{"line":84,"column":4},"end":{"line":84,"column":null}},"32":{"start":{"line":85,"column":4},"end":{"line":85,"column":null}},"33":{"start":{"line":88,"column":2},"end":{"line":88,"column":null}},"34":{"start":{"line":89,"column":2},"end":{"line":89,"column":null}},"35":{"start":{"line":92,"column":22},"end":{"line":107,"column":null}},"36":{"start":{"line":98,"column":35},"end":{"line":98,"column":null}},"37":{"start":{"line":102,"column":6},"end":{"line":102,"column":null}},"38":{"start":{"line":103,"column":6},"end":{"line":103,"column":null}},"39":{"start":{"line":104,"column":6},"end":{"line":104,"column":null}},"40":{"start":{"line":105,"column":6},"end":{"line":105,"column":null}},"41":{"start":{"line":109,"column":27},"end":{"line":109,"column":null}},"42":{"start":{"line":111,"column":6},"end":{"line":111,"column":null}},"43":{"start":{"line":113,"column":2},"end":{"line":219,"column":null}},"44":{"start":{"line":115,"column":25},"end":{"line":115,"column":null}},"45":{"start":{"line":116,"column":18},"end":{"line":116,"column":null}},"46":{"start":{"line":118,"column":4},"end":{"line":122,"column":null}},"47":{"start":{"line":119,"column":6},"end":{"line":119,"column":null}},"48":{"start":{"line":120,"column":6},"end":{"line":120,"column":null}},"49":{"start":{"line":121,"column":6},"end":{"line":121,"column":null}},"50":{"start":{"line":125,"column":30},"end":{"line":125,"column":null}},"51":{"start":{"line":126,"column":4},"end":{"line":144,"column":null}},"52":{"start":{"line":126,"column":17},"end":{"line":126,"column":20}},"53":{"start":{"line":127,"column":19},"end":{"line":127,"column":null}},"54":{"start":{"line":128,"column":23},"end":{"line":128,"column":null}},"55":{"start":{"line":129,"column":6},"end":{"line":129,"column":null}},"56":{"start":{"line":131,"column":22},"end":{"line":131,"column":null}},"57":{"start":{"line":132,"column":19},"end":{"line":132,"column":null}},"58":{"start":{"line":134,"column":6},"end":{"line":143,"column":null}},"59":{"start":{"line":135,"column":8},"end":{"line":142,"column":null}},"60":{"start":{"line":146,"column":4},"end":{"line":146,"column":null}},"61":{"start":{"line":147,"column":4},"end":{"line":147,"column":null}},"62":{"start":{"line":149,"column":4},"end":{"line":153,"column":null}},"63":{"start":{"line":150,"column":6},"end":{"line":150,"column":null}},"64":{"start":{"line":151,"column":6},"end":{"line":151,"column":null}},"65":{"start":{"line":152,"column":6},"end":{"line":152,"column":null}},"66":{"start":{"line":156,"column":18},"end":{"line":167,"column":null}},"67":{"start":{"line":163,"column":17},"end":{"line":163,"column":18}},"68":{"start":{"line":170,"column":4},"end":{"line":175,"column":null}},"69":{"start":{"line":171,"column":6},"end":{"line":173,"column":null}},"70":{"start":{"line":172,"column":8},"end":{"line":172,"column":null}},"71":{"start":{"line":174,"column":6},"end":{"line":174,"column":null}},"72":{"start":{"line":177,"column":4},"end":{"line":185,"column":null}},"73":{"start":{"line":178,"column":6},"end":{"line":184,"column":null}},"74":{"start":{"line":187,"column":4},"end":{"line":187,"column":null}},"75":{"start":{"line":188,"column":4},"end":{"line":188,"column":null}},"76":{"start":{"line":191,"column":26},"end":{"line":191,"column":null}},"77":{"start":{"line":191,"column":46},"end":{"line":191,"column":59}},"78":{"start":{"line":192,"column":25},"end":{"line":192,"column":null}},"79":{"start":{"line":192,"column":45},"end":{"line":192,"column":55}},"80":{"start":{"line":193,"column":26},"end":{"line":193,"column":null}},"81":{"start":{"line":193,"column":46},"end":{"line":193,"column":57}},"82":{"start":{"line":195,"column":4},"end":{"line":195,"column":null}},"83":{"start":{"line":196,"column":4},"end":{"line":196,"column":null}},"84":{"start":{"line":197,"column":4},"end":{"line":197,"column":null}},"85":{"start":{"line":198,"column":4},"end":{"line":198,"column":null}},"86":{"start":{"line":199,"column":4},"end":{"line":199,"column":null}},"87":{"start":{"line":200,"column":4},"end":{"line":200,"column":null}},"88":{"start":{"line":203,"column":20},"end":{"line":203,"column":null}},"89":{"start":{"line":204,"column":4},"end":{"line":204,"column":null}},"90":{"start":{"line":205,"column":4},"end":{"line":205,"column":null}},"91":{"start":{"line":207,"column":4},"end":{"line":216,"column":null}},"92":{"start":{"line":208,"column":6},"end":{"line":208,"column":null}},"93":{"start":{"line":209,"column":6},"end":{"line":209,"column":null}},"94":{"start":{"line":210,"column":6},"end":{"line":210,"column":null}},"95":{"start":{"line":211,"column":6},"end":{"line":211,"column":null}},"96":{"start":{"line":212,"column":11},"end":{"line":216,"column":null}},"97":{"start":{"line":213,"column":6},"end":{"line":213,"column":null}},"98":{"start":{"line":215,"column":6},"end":{"line":215,"column":null}},"99":{"start":{"line":217,"column":4},"end":{"line":217,"column":null}},"100":{"start":{"line":218,"column":4},"end":{"line":218,"column":null}}},"fnMap":{"0":{"name":"formatDate","decl":{"start":{"line":33,"column":9},"end":{"line":33,"column":20}},"loc":{"start":{"line":33,"column":55},"end":{"line":48,"column":null}},"line":33},"1":{"name":"fetchDeploymentKeys","decl":{"start":{"line":56,"column":15},"end":{"line":56,"column":35}},"loc":{"start":{"line":56,"column":93},"end":{"line":63,"column":null}},"line":56},"2":{"name":"listGithubDeploymentKeys","decl":{"start":{"line":68,"column":22},"end":{"line":68,"column":49}},"loc":{"start":{"line":68,"column":49},"end":{"line":220,"column":null}},"line":68},"3":{"name":"(anonymous_3)","decl":{"start":{"line":98,"column":6},"end":{"line":98,"column":17}},"loc":{"start":{"line":98,"column":35},"end":{"line":98,"column":null}},"line":98},"4":{"name":"(anonymous_4)","decl":{"start":{"line":101,"column":4},"end":{"line":101,"column":20}},"loc":{"start":{"line":101,"column":20},"end":{"line":106,"column":null}},"line":101},"5":{"name":"(anonymous_5)","decl":{"start":{"line":134,"column":11},"end":{"line":134,"column":20}},"loc":{"start":{"line":134,"column":28},"end":{"line":143,"column":7}},"line":134},"6":{"name":"(anonymous_6)","decl":{"start":{"line":163,"column":8},"end":{"line":163,"column":12}},"loc":{"start":{"line":163,"column":17},"end":{"line":163,"column":18}},"line":163},"7":{"name":"(anonymous_7)","decl":{"start":{"line":170,"column":12},"end":{"line":170,"column":18}},"loc":{"start":{"line":170,"column":27},"end":{"line":175,"column":5}},"line":170},"8":{"name":"(anonymous_8)","decl":{"start":{"line":177,"column":12},"end":{"line":177,"column":21}},"loc":{"start":{"line":177,"column":29},"end":{"line":185,"column":5}},"line":177},"9":{"name":"(anonymous_9)","decl":{"start":{"line":191,"column":34},"end":{"line":191,"column":41}},"loc":{"start":{"line":191,"column":46},"end":{"line":191,"column":59}},"line":191},"10":{"name":"(anonymous_10)","decl":{"start":{"line":192,"column":33},"end":{"line":192,"column":40}},"loc":{"start":{"line":192,"column":45},"end":{"line":192,"column":55}},"line":192},"11":{"name":"(anonymous_11)","decl":{"start":{"line":193,"column":34},"end":{"line":193,"column":41}},"loc":{"start":{"line":193,"column":46},"end":{"line":193,"column":57}},"line":193}},"branchMap":{"0":{"loc":{"start":{"line":34,"column":2},"end":{"line":34,"column":null}},"type":"if","locations":[{"start":{"line":34,"column":2},"end":{"line":34,"column":null}},{"start":{},"end":{}}],"line":34},"1":{"loc":{"start":{"line":41,"column":2},"end":{"line":41,"column":null}},"type":"if","locations":[{"start":{"line":41,"column":2},"end":{"line":41,"column":null}},{"start":{},"end":{}}],"line":41},"2":{"loc":{"start":{"line":42,"column":2},"end":{"line":42,"column":null}},"type":"if","locations":[{"start":{"line":42,"column":2},"end":{"line":42,"column":null}},{"start":{},"end":{}}],"line":42},"3":{"loc":{"start":{"line":43,"column":2},"end":{"line":43,"column":null}},"type":"if","locations":[{"start":{"line":43,"column":2},"end":{"line":43,"column":null}},{"start":{},"end":{}}],"line":43},"4":{"loc":{"start":{"line":44,"column":2},"end":{"line":44,"column":null}},"type":"if","locations":[{"start":{"line":44,"column":2},"end":{"line":44,"column":null}},{"start":{},"end":{}}],"line":44},"5":{"loc":{"start":{"line":45,"column":2},"end":{"line":45,"column":null}},"type":"if","locations":[{"start":{"line":45,"column":2},"end":{"line":45,"column":null}},{"start":{},"end":{}}],"line":45},"6":{"loc":{"start":{"line":78,"column":20},"end":{"line":78,"column":null}},"type":"cond-expr","locations":[{"start":{"line":78,"column":45},"end":{"line":78,"column":61}},{"start":{"line":78,"column":61},"end":{"line":78,"column":null}}],"line":78},"7":{"loc":{"start":{"line":98,"column":35},"end":{"line":98,"column":null}},"type":"binary-expr","locations":[{"start":{"line":98,"column":35},"end":{"line":98,"column":55}},{"start":{"line":98,"column":55},"end":{"line":98,"column":null}}],"line":98},"8":{"loc":{"start":{"line":118,"column":4},"end":{"line":122,"column":null}},"type":"if","locations":[{"start":{"line":118,"column":4},"end":{"line":122,"column":null}},{"start":{},"end":{}}],"line":118},"9":{"loc":{"start":{"line":149,"column":4},"end":{"line":153,"column":null}},"type":"if","locations":[{"start":{"line":149,"column":4},"end":{"line":153,"column":null}},{"start":{},"end":{}}],"line":149},"10":{"loc":{"start":{"line":171,"column":6},"end":{"line":173,"column":null}},"type":"if","locations":[{"start":{"line":171,"column":6},"end":{"line":173,"column":null}},{"start":{},"end":{}}],"line":171},"11":{"loc":{"start":{"line":174,"column":22},"end":{"line":174,"column":39}},"type":"binary-expr","locations":[{"start":{"line":174,"column":22},"end":{"line":174,"column":38}},{"start":{"line":174,"column":38},"end":{"line":174,"column":39}}],"line":174},"12":{"loc":{"start":{"line":174,"column":62},"end":{"line":174,"column":79}},"type":"binary-expr","locations":[{"start":{"line":174,"column":62},"end":{"line":174,"column":78}},{"start":{"line":174,"column":78},"end":{"line":174,"column":79}}],"line":174},"13":{"loc":{"start":{"line":183,"column":8},"end":{"line":183,"column":null}},"type":"cond-expr","locations":[{"start":{"line":183,"column":23},"end":{"line":183,"column":44}},{"start":{"line":183,"column":44},"end":{"line":183,"column":null}}],"line":183},"14":{"loc":{"start":{"line":203,"column":20},"end":{"line":203,"column":null}},"type":"cond-expr","locations":[{"start":{"line":203,"column":45},"end":{"line":203,"column":61}},{"start":{"line":203,"column":61},"end":{"line":203,"column":null}}],"line":203},"15":{"loc":{"start":{"line":207,"column":4},"end":{"line":216,"column":null}},"type":"if","locations":[{"start":{"line":207,"column":4},"end":{"line":216,"column":null}},{"start":{"line":212,"column":11},"end":{"line":216,"column":null}}],"line":207},"16":{"loc":{"start":{"line":212,"column":11},"end":{"line":216,"column":null}},"type":"if","locations":[{"start":{"line":212,"column":11},"end":{"line":216,"column":null}},{"start":{"line":214,"column":11},"end":{"line":216,"column":null}}],"line":212}},"s":{"0":2,"1":1,"2":1,"3":1,"4":1,"5":1,"6":1,"7":0,"8":1,"9":1,"10":1,"11":1,"12":1,"13":1,"14":1,"15":1,"16":1,"17":2,"18":2,"19":0,"20":2,"21":2,"22":2,"23":2,"24":2,"25":0,"26":0,"27":0,"28":0,"29":0,"30":0,"31":0,"32":0,"33":2,"34":2,"35":2,"36":0,"37":0,"38":0,"39":0,"40":0,"41":2,"42":2,"43":2,"44":2,"45":2,"46":2,"47":1,"48":1,"49":1,"50":1,"51":1,"52":1,"53":2,"54":2,"55":2,"56":2,"57":2,"58":2,"59":2,"60":2,"61":2,"62":2,"63":0,"64":0,"65":0,"66":1,"67":5,"68":1,"69":1,"70":1,"71":0,"72":1,"73":2,"74":1,"75":1,"76":1,"77":2,"78":1,"79":2,"80":1,"81":2,"82":1,"83":1,"84":1,"85":1,"86":1,"87":1,"88":0,"89":0,"90":0,"91":0,"92":0,"93":0,"94":0,"95":0,"96":0,"97":0,"98":0,"99":0,"100":0},"f":{"0":2,"1":2,"2":2,"3":0,"4":0,"5":2,"6":5,"7":1,"8":2,"9":2,"10":2,"11":2},"b":{"0":[1,1],"1":[0,1],"2":[0,1],"3":[0,1],"4":[0,1],"5":[0,1],"6":[0,0],"7":[0,0],"8":[1,1],"9":[0,2],"10":[1,0],"11":[0,0],"12":[1,0],"13":[1,1],"14":[0,0],"15":[0,0],"16":[0,0]},"meta":{"lastBranch":17,"lastFunction":12,"lastStatement":101,"seen":{"f:33:9:33:20":0,"b:34:2:34:Infinity:undefined:undefined:undefined:undefined":0,"s:34:2:34:Infinity":0,"s:34:19:34:Infinity":1,"s:36:15:36:Infinity":2,"s:37:14:37:Infinity":3,"s:38:17:38:Infinity":4,"s:39:19:39:Infinity":5,"b:41:2:41:Infinity:undefined:undefined:undefined:undefined":1,"s:41:2:41:Infinity":6,"s:41:22:41:Infinity":7,"b:42:2:42:Infinity:undefined:undefined:undefined:undefined":2,"s:42:2:42:Infinity":8,"s:42:22:42:Infinity":9,"b:43:2:43:Infinity:undefined:undefined:undefined:undefined":3,"s:43:2:43:Infinity":10,"s:43:20:43:Infinity":11,"b:44:2:44:Infinity:undefined:undefined:undefined:undefined":4,"s:44:2:44:Infinity":12,"s:44:21:44:Infinity":13,"b:45:2:45:Infinity:undefined:undefined:undefined:undefined":5,"s:45:2:45:Infinity":14,"s:45:22:45:Infinity":15,"s:47:2:47:Infinity":16,"f:56:15:56:35":1,"s:57:2:62:Infinity":17,"s:58:4:58:Infinity":18,"s:61:4:61:Infinity":19,"f:68:22:68:49":2,"s:69:2:69:Infinity":20,"s:72:14:72:Infinity":21,"s:73:19:73:Infinity":22,"s:75:2:86:Infinity":23,"s:76:4:76:Infinity":24,"s:78:20:78:Infinity":25,"b:78:45:78:61:78:61:78:Infinity":6,"s:79:4:79:Infinity":26,"s:80:4:80:Infinity":27,"s:81:4:81:Infinity":28,"s:82:4:82:Infinity":29,"s:83:4:83:Infinity":30,"s:84:4:84:Infinity":31,"s:85:4:85:Infinity":32,"s:88:2:88:Infinity":33,"s:89:2:89:Infinity":34,"s:92:22:107:Infinity":35,"f:98:6:98:17":3,"s:98:35:98:Infinity":36,"b:98:35:98:55:98:55:98:Infinity":7,"f:101:4:101:20":4,"s:102:6:102:Infinity":37,"s:103:6:103:Infinity":38,"s:104:6:104:Infinity":39,"s:105:6:105:Infinity":40,"s:109:27:109:Infinity":41,"s:111:6:111:Infinity":42,"s:113:2:219:Infinity":43,"s:115:25:115:Infinity":44,"s:116:18:116:Infinity":45,"b:118:4:122:Infinity:undefined:undefined:undefined:undefined":8,"s:118:4:122:Infinity":46,"s:119:6:119:Infinity":47,"s:120:6:120:Infinity":48,"s:121:6:121:Infinity":49,"s:125:30:125:Infinity":50,"s:126:4:144:Infinity":51,"s:126:17:126:20":52,"s:127:19:127:Infinity":53,"s:128:23:128:Infinity":54,"s:129:6:129:Infinity":55,"s:131:22:131:Infinity":56,"s:132:19:132:Infinity":57,"s:134:6:143:Infinity":58,"f:134:11:134:20":5,"s:135:8:142:Infinity":59,"s:146:4:146:Infinity":60,"s:147:4:147:Infinity":61,"b:149:4:153:Infinity:undefined:undefined:undefined:undefined":9,"s:149:4:153:Infinity":62,"s:150:6:150:Infinity":63,"s:151:6:151:Infinity":64,"s:152:6:152:Infinity":65,"s:156:18:167:Infinity":66,"f:163:8:163:12":6,"s:163:17:163:18":67,"s:170:4:175:Infinity":68,"f:170:12:170:18":7,"b:171:6:173:Infinity:undefined:undefined:undefined:undefined":10,"s:171:6:173:Infinity":69,"s:172:8:172:Infinity":70,"s:174:6:174:Infinity":71,"b:174:22:174:38:174:38:174:39":11,"b:174:62:174:78:174:78:174:79":12,"s:177:4:185:Infinity":72,"f:177:12:177:21":8,"s:178:6:184:Infinity":73,"b:183:23:183:44:183:44:183:Infinity":13,"s:187:4:187:Infinity":74,"s:188:4:188:Infinity":75,"s:191:26:191:Infinity":76,"f:191:34:191:41":9,"s:191:46:191:59":77,"s:192:25:192:Infinity":78,"f:192:33:192:40":10,"s:192:45:192:55":79,"s:193:26:193:Infinity":80,"f:193:34:193:41":11,"s:193:46:193:57":81,"s:195:4:195:Infinity":82,"s:196:4:196:Infinity":83,"s:197:4:197:Infinity":84,"s:198:4:198:Infinity":85,"s:199:4:199:Infinity":86,"s:200:4:200:Infinity":87,"s:203:20:203:Infinity":88,"b:203:45:203:61:203:61:203:Infinity":14,"s:204:4:204:Infinity":89,"s:205:4:205:Infinity":90,"b:207:4:216:Infinity:212:11:216:Infinity":15,"s:207:4:216:Infinity":91,"s:208:6:208:Infinity":92,"s:209:6:209:Infinity":93,"s:210:6:210:Infinity":94,"s:211:6:211:Infinity":95,"b:212:11:216:Infinity:214:11:216:Infinity":16,"s:212:11:216:Infinity":96,"s:213:6:213:Infinity":97,"s:215:6:215:Infinity":98,"s:217:4:217:Infinity":99,"s:218:4:218:Infinity":100},"fnNames":{}}},"C:\\Tools\\IntecoCLI\\src\\modules\\extdSearch.ts":{"path":"C:\\Tools\\IntecoCLI\\src\\modules\\extdSearch.ts","statementMap":{"0":{"start":{"line":29,"column":27},"end":{"line":38,"column":null}},"1":{"start":{"line":36,"column":24},"end":{"line":36,"column":null}},"2":{"start":{"line":37,"column":12},"end":{"line":37,"column":null}},"3":{"start":{"line":40,"column":28},"end":{"line":60,"column":null}},"4":{"start":{"line":52,"column":24},"end":{"line":52,"column":null}},"5":{"start":{"line":53,"column":12},"end":{"line":59,"column":null}},"6":{"start":{"line":58,"column":55},"end":{"line":58,"column":115}},"7":{"start":{"line":62,"column":29},"end":{"line":81,"column":null}},"8":{"start":{"line":74,"column":24},"end":{"line":74,"column":null}},"9":{"start":{"line":75,"column":12},"end":{"line":80,"column":null}},"10":{"start":{"line":83,"column":20},"end":{"line":83,"column":null}},"11":{"start":{"line":84,"column":4},"end":{"line":111,"column":null}},"12":{"start":{"line":113,"column":18},"end":{"line":113,"column":null}},"13":{"start":{"line":114,"column":4},"end":{"line":114,"column":null}},"14":{"start":{"line":118,"column":4},"end":{"line":118,"column":null}},"15":{"start":{"line":122,"column":40},"end":{"line":127,"column":null}},"16":{"start":{"line":128,"column":4},"end":{"line":128,"column":null}},"17":{"start":{"line":132,"column":40},"end":{"line":137,"column":null}},"18":{"start":{"line":138,"column":4},"end":{"line":138,"column":null}},"19":{"start":{"line":142,"column":40},"end":{"line":145,"column":null}},"20":{"start":{"line":146,"column":4},"end":{"line":146,"column":null}}},"fnMap":{"0":{"name":"extdSearch","decl":{"start":{"line":28,"column":30},"end":{"line":28,"column":58}},"loc":{"start":{"line":28,"column":58},"end":{"line":115,"column":null}},"line":28},"1":{"name":"(anonymous_1)","decl":{"start":{"line":35,"column":9},"end":{"line":35,"column":24}},"loc":{"start":{"line":35,"column":30},"end":{"line":38,"column":9}},"line":35},"2":{"name":"(anonymous_2)","decl":{"start":{"line":51,"column":9},"end":{"line":51,"column":24}},"loc":{"start":{"line":51,"column":30},"end":{"line":60,"column":9}},"line":51},"3":{"name":"(anonymous_3)","decl":{"start":{"line":58,"column":42},"end":{"line":58,"column":46}},"loc":{"start":{"line":58,"column":55},"end":{"line":58,"column":115}},"line":58},"4":{"name":"(anonymous_4)","decl":{"start":{"line":73,"column":9},"end":{"line":73,"column":24}},"loc":{"start":{"line":73,"column":30},"end":{"line":81,"column":9}},"line":73},"5":{"name":"formatWert","decl":{"start":{"line":117,"column":9},"end":{"line":117,"column":20}},"loc":{"start":{"line":117,"column":58},"end":{"line":119,"column":null}},"line":117},"6":{"name":"formatFieldType","decl":{"start":{"line":121,"column":9},"end":{"line":121,"column":25}},"loc":{"start":{"line":121,"column":48},"end":{"line":129,"column":null}},"line":121},"7":{"name":"formatFlag","decl":{"start":{"line":131,"column":9},"end":{"line":131,"column":20}},"loc":{"start":{"line":131,"column":43},"end":{"line":139,"column":null}},"line":131},"8":{"name":"formatTestFlag","decl":{"start":{"line":141,"column":9},"end":{"line":141,"column":24}},"loc":{"start":{"line":141,"column":47},"end":{"line":147,"column":null}},"line":141}},"branchMap":{"0":{"loc":{"start":{"line":118,"column":11},"end":{"line":118,"column":null}},"type":"cond-expr","locations":[{"start":{"line":118,"column":26},"end":{"line":118,"column":50}},{"start":{"line":118,"column":50},"end":{"line":118,"column":null}}],"line":118},"1":{"loc":{"start":{"line":118,"column":11},"end":{"line":118,"column":26}},"type":"binary-expr","locations":[{"start":{"line":118,"column":11},"end":{"line":118,"column":20}},{"start":{"line":118,"column":20},"end":{"line":118,"column":26}}],"line":118},"2":{"loc":{"start":{"line":128,"column":11},"end":{"line":128,"column":null}},"type":"binary-expr","locations":[{"start":{"line":128,"column":11},"end":{"line":128,"column":32}},{"start":{"line":128,"column":32},"end":{"line":128,"column":null}}],"line":128},"3":{"loc":{"start":{"line":138,"column":11},"end":{"line":138,"column":null}},"type":"binary-expr","locations":[{"start":{"line":138,"column":11},"end":{"line":138,"column":32}},{"start":{"line":138,"column":32},"end":{"line":138,"column":null}}],"line":138},"4":{"loc":{"start":{"line":146,"column":11},"end":{"line":146,"column":null}},"type":"binary-expr","locations":[{"start":{"line":146,"column":11},"end":{"line":146,"column":32}},{"start":{"line":146,"column":32},"end":{"line":146,"column":null}}],"line":146}},"s":{"0":3,"1":1,"2":1,"3":3,"4":1,"5":1,"6":9,"7":3,"8":1,"9":1,"10":3,"11":3,"12":3,"13":3,"14":9,"15":1,"16":1,"17":1,"18":1,"19":1,"20":1},"f":{"0":3,"1":1,"2":1,"3":9,"4":1,"5":9,"6":1,"7":1,"8":1},"b":{"0":[1,8],"1":[9,8],"2":[1,0],"3":[1,0],"4":[1,0]},"meta":{"lastBranch":5,"lastFunction":9,"lastStatement":21,"seen":{"f:28:30:28:58":0,"s:29:27:38:Infinity":0,"f:35:9:35:24":1,"s:36:24:36:Infinity":1,"s:37:12:37:Infinity":2,"s:40:28:60:Infinity":3,"f:51:9:51:24":2,"s:52:24:52:Infinity":4,"s:53:12:59:Infinity":5,"f:58:42:58:46":3,"s:58:55:58:115":6,"s:62:29:81:Infinity":7,"f:73:9:73:24":4,"s:74:24:74:Infinity":8,"s:75:12:80:Infinity":9,"s:83:20:83:Infinity":10,"s:84:4:111:Infinity":11,"s:113:18:113:Infinity":12,"s:114:4:114:Infinity":13,"f:117:9:117:20":5,"s:118:4:118:Infinity":14,"b:118:26:118:50:118:50:118:Infinity":0,"b:118:11:118:20:118:20:118:26":1,"f:121:9:121:25":6,"s:122:40:127:Infinity":15,"s:128:4:128:Infinity":16,"b:128:11:128:32:128:32:128:Infinity":2,"f:131:9:131:20":7,"s:132:40:137:Infinity":17,"s:138:4:138:Infinity":18,"b:138:11:138:32:138:32:138:Infinity":3,"f:141:9:141:24":8,"s:142:40:145:Infinity":19,"s:146:4:146:Infinity":20,"b:146:11:146:32:146:32:146:Infinity":4},"fnNames":{}}},"C:\\Tools\\IntecoCLI\\src\\modules\\graphqlSchemaExport.ts":{"path":"C:\\Tools\\IntecoCLI\\src\\modules\\graphqlSchemaExport.ts","statementMap":{"0":{"start":{"line":12,"column":4},"end":{"line":12,"column":null}},"1":{"start":{"line":14,"column":18},"end":{"line":14,"column":null}},"2":{"start":{"line":16,"column":22},"end":{"line":39,"column":null}},"3":{"start":{"line":34,"column":12},"end":{"line":34,"column":null}},"4":{"start":{"line":35,"column":12},"end":{"line":35,"column":null}},"5":{"start":{"line":36,"column":12},"end":{"line":36,"column":null}},"6":{"start":{"line":37,"column":12},"end":{"line":37,"column":null}},"7":{"start":{"line":41,"column":4},"end":{"line":70,"column":null}},"8":{"start":{"line":42,"column":8},"end":{"line":42,"column":null}},"9":{"start":{"line":44,"column":8},"end":{"line":69,"column":null}},"10":{"start":{"line":45,"column":40},"end":{"line":53,"column":null}},"11":{"start":{"line":53,"column":29},"end":{"line":53,"column":39}},"12":{"start":{"line":55,"column":12},"end":{"line":57,"column":null}},"13":{"start":{"line":56,"column":16},"end":{"line":56,"column":null}},"14":{"start":{"line":59,"column":18},"end":{"line":59,"column":null}},"15":{"start":{"line":62,"column":12},"end":{"line":62,"column":null}},"16":{"start":{"line":63,"column":12},"end":{"line":63,"column":null}},"17":{"start":{"line":64,"column":12},"end":{"line":64,"column":null}},"18":{"start":{"line":66,"column":33},"end":{"line":66,"column":null}},"19":{"start":{"line":67,"column":12},"end":{"line":67,"column":null}},"20":{"start":{"line":68,"column":12},"end":{"line":68,"column":null}}},"fnMap":{"0":{"name":"qraphqlSchemaExport","decl":{"start":{"line":11,"column":30},"end":{"line":11,"column":67}},"loc":{"start":{"line":11,"column":67},"end":{"line":71,"column":null}},"line":11},"1":{"name":"(anonymous_1)","decl":{"start":{"line":33,"column":8},"end":{"line":33,"column":24}},"loc":{"start":{"line":33,"column":24},"end":{"line":38,"column":null}},"line":33},"2":{"name":"(anonymous_2)","decl":{"start":{"line":53,"column":15},"end":{"line":53,"column":21}},"loc":{"start":{"line":53,"column":29},"end":{"line":53,"column":39}},"line":53}},"branchMap":{"0":{"loc":{"start":{"line":41,"column":4},"end":{"line":70,"column":null}},"type":"if","locations":[{"start":{"line":41,"column":4},"end":{"line":70,"column":null}},{"start":{},"end":{}}],"line":41},"1":{"loc":{"start":{"line":55,"column":12},"end":{"line":57,"column":null}},"type":"if","locations":[{"start":{"line":55,"column":12},"end":{"line":57,"column":null}},{"start":{},"end":{}}],"line":55},"2":{"loc":{"start":{"line":66,"column":33},"end":{"line":66,"column":null}},"type":"cond-expr","locations":[{"start":{"line":66,"column":54},"end":{"line":66,"column":66}},{"start":{"line":66,"column":66},"end":{"line":66,"column":null}}],"line":66}},"s":{"0":3,"1":3,"2":3,"3":1,"4":1,"5":1,"6":1,"7":3,"8":2,"9":2,"10":2,"11":2,"12":2,"13":1,"14":1,"15":1,"16":1,"17":1,"18":1,"19":1,"20":1},"f":{"0":3,"1":1,"2":2},"b":{"0":[2,1],"1":[1,1],"2":[1,0]},"meta":{"lastBranch":3,"lastFunction":3,"lastStatement":21,"seen":{"f:11:30:11:67":0,"s:12:4:12:Infinity":0,"s:14:18:14:Infinity":1,"s:16:22:39:Infinity":2,"f:33:8:33:24":1,"s:34:12:34:Infinity":3,"s:35:12:35:Infinity":4,"s:36:12:36:Infinity":5,"s:37:12:37:Infinity":6,"b:41:4:70:Infinity:undefined:undefined:undefined:undefined":0,"s:41:4:70:Infinity":7,"s:42:8:42:Infinity":8,"s:44:8:69:Infinity":9,"s:45:40:53:Infinity":10,"f:53:15:53:21":2,"s:53:29:53:39":11,"b:55:12:57:Infinity:undefined:undefined:undefined:undefined":1,"s:55:12:57:Infinity":12,"s:56:16:56:Infinity":13,"s:59:18:59:Infinity":14,"s:62:12:62:Infinity":15,"s:63:12:63:Infinity":16,"s:64:12:64:Infinity":17,"s:66:33:66:Infinity":18,"b:66:54:66:66:66:66:66:Infinity":2,"s:67:12:67:Infinity":19,"s:68:12:68:Infinity":20},"fnNames":{}}},"C:\\Tools\\IntecoCLI\\src\\modules\\dumpDB.ts":{"path":"C:\\Tools\\IntecoCLI\\src\\modules\\dumpDB.ts","statementMap":{"0":{"start":{"line":16,"column":4},"end":{"line":16,"column":null}},"1":{"start":{"line":18,"column":19},"end":{"line":18,"column":null}},"2":{"start":{"line":20,"column":26},"end":{"line":20,"column":null}},"3":{"start":{"line":22,"column":18},"end":{"line":22,"column":null}},"4":{"start":{"line":24,"column":22},"end":{"line":54,"column":null}},"5":{"start":{"line":30,"column":49},"end":{"line":30,"column":77}},"6":{"start":{"line":49,"column":12},"end":{"line":49,"column":null}},"7":{"start":{"line":50,"column":12},"end":{"line":50,"column":null}},"8":{"start":{"line":51,"column":12},"end":{"line":51,"column":null}},"9":{"start":{"line":52,"column":12},"end":{"line":52,"column":null}},"10":{"start":{"line":56,"column":4},"end":{"line":129,"column":null}},"11":{"start":{"line":57,"column":39},"end":{"line":57,"column":null}},"12":{"start":{"line":58,"column":8},"end":{"line":93,"column":null}},"13":{"start":{"line":60,"column":30},"end":{"line":60,"column":null}},"14":{"start":{"line":61,"column":29},"end":{"line":61,"column":null}},"15":{"start":{"line":62,"column":27},"end":{"line":62,"column":null}},"16":{"start":{"line":62,"column":61},"end":{"line":62,"column":74}},"17":{"start":{"line":63,"column":33},"end":{"line":63,"column":null}},"18":{"start":{"line":64,"column":12},"end":{"line":91,"column":null}},"19":{"start":{"line":65,"column":37},"end":{"line":87,"column":null}},"20":{"start":{"line":71,"column":54},"end":{"line":71,"column":77}},"21":{"start":{"line":82,"column":24},"end":{"line":82,"column":null}},"22":{"start":{"line":83,"column":24},"end":{"line":83,"column":null}},"23":{"start":{"line":84,"column":24},"end":{"line":84,"column":null}},"24":{"start":{"line":85,"column":24},"end":{"line":85,"column":null}},"25":{"start":{"line":89,"column":16},"end":{"line":89,"column":null}},"26":{"start":{"line":90,"column":16},"end":{"line":90,"column":null}},"27":{"start":{"line":95,"column":24},"end":{"line":110,"column":null}},"28":{"start":{"line":105,"column":16},"end":{"line":105,"column":null}},"29":{"start":{"line":106,"column":16},"end":{"line":106,"column":null}},"30":{"start":{"line":107,"column":16},"end":{"line":107,"column":null}},"31":{"start":{"line":108,"column":16},"end":{"line":108,"column":null}},"32":{"start":{"line":112,"column":8},"end":{"line":128,"column":null}},"33":{"start":{"line":113,"column":12},"end":{"line":113,"column":null}},"34":{"start":{"line":114,"column":18},"end":{"line":114,"column":null}},"35":{"start":{"line":116,"column":32},"end":{"line":116,"column":null}},"36":{"start":{"line":118,"column":12},"end":{"line":127,"column":null}},"37":{"start":{"line":119,"column":16},"end":{"line":1
[...]
end":{}}],"line":19},"1":{"loc":{"start":{"line":25,"column":2},"end":{"line":32,"column":null}},"type":"if","locations":[{"start":{"line":25,"column":2},"end":{"line":32,"column":null}},{"start":{},"end":{}}],"line":25},"2":{"loc":{"start":{"line":35,"column":2},"end":{"line":40,"column":null}},"type":"if","locations":[{"start":{"line":35,"column":2},"end":{"line":40,"column":null}},{"start":{},"end":{}}],"line":35},"3":{"loc":{"start":{"line":42,"column":2},"end":{"line":44,"column":null}},"type":"if","locations":[{"start":{"line":42,"column":2},"end":{"line":44,"column":null}},{"start":{},"end":{}}],"line":42},"4":{"loc":{"start":{"line":66,"column":2},"end":{"line":77,"column":null}},"type":"if","locations":[{"start":{"line":66,"column":2},"end":{"line":77,"column":null}},{"start":{},"end":{}}],"line":66},"5":{"loc":{"start":{"line":67,"column":4},"end":{"line":69,"column":null}},"type":"if","locations":[{"start":{"line":67,"column":4},"end":{"line":69,"column":null}},{"start":{},"end":{}}],"line":67},"6":{"loc":{"start":{"line":70,"column":4},"end":{"line":72,"column":null}},"type":"if","locations":[{"start":{"line":70,"column":4},"end":{"line":72,"column":null}},{"start":{},"end":{}}],"line":70},"7":{"loc":{"start":{"line":73,"column":4},"end":{"line":75,"column":null}},"type":"if","locations":[{"start":{"line":73,"column":4},"end":{"line":75,"column":null}},{"start":{},"end":{}}],"line":73},"8":{"loc":{"start":{"line":90,"column":91},"end":{"line":90,"column":101}},"type":"default-arg","locations":[{"start":{"line":90,"column":98},"end":{"line":90,"column":101}}],"line":90},"9":{"loc":{"start":{"line":90,"column":101},"end":{"line":90,"column":135}},"type":"default-arg","locations":[{"start":{"line":90,"column":117},"end":{"line":90,"column":135}}],"line":90},"10":{"loc":{"start":{"line":91,"column":27},"end":{"line":91,"column":61}},"type":"cond-expr","locations":[{"start":{"line":91,"column":51},"end":{"line":91,"column":57}},{"start":{"line":91,"column":57},"end":{"line":91,"column":61}}],"line":91},"11":{"loc":{"start":{"line":97,"column":4},"end":{"line":99,"column":null}},"type":"if","locations":[{"start":{"line":97,"column":4},"end":{"line":99,"column":null}},{"start":{},"end":{}}],"line":97},"12":{"loc":{"start":{"line":104,"column":4},"end":{"line":107,"column":null}},"type":"if","locations":[{"start":{"line":104,"column":4},"end":{"line":107,"column":null}},{"start":{},"end":{}}],"line":104}},"s":{"0":3,"1":3,"2":3,"3":1,"4":1,"5":3,"6":2,"7":2,"8":2,"9":3,"10":1,"11":1,"12":1,"13":1,"14":2,"15":0,"16":2,"17":7,"18":7,"19":2,"20":1,"21":1,"22":0,"23":1,"24":0,"25":1,"26":5,"27":5,"28":5,"29":5,"30":4,"31":4,"32":1,"33":3,"34":1,"35":0,"36":1},"f":{"0":3,"1":7,"2":5},"b":{"0":[1,2],"1":[2,1],"2":[1,2],"3":[0,2],"4":[2,5],"5":[1,1],"6":[0,1],"7":[0,1],"8":[5],"9":[5],"10":[0,5],"11":[1,3],"12":[0,1]},"meta":{"lastBranch":13,"lastFunction":3,"lastStatement":37,"seen":{"f:14:22:14:67":0,"s:15:29:15:Infinity":0,"s:16:34:16:Infinity":1,"b:19:2:22:Infinity:undefined:undefined:undefined:undefined":0,"s:19:2:22:Infinity":2,"s:20:4:20:Infinity":3,"s:21:4:21:Infinity":4,"b:25:2:32:Infinity:undefined:undefined:undefined:undefined":1,"s:25:2:32:Infinity":5,"s:26:4:31:Infinity":6,"s:27:6:27:Infinity":7,"s:28:6:28:Infinity":8,"b:35:2:40:Infinity:undefined:undefined:undefined:undefined":2,"s:35:2:40:Infinity":9,"s:36:4:36:Infinity":10,"s:37:4:37:Infinity":11,"s:38:4:38:Infinity":12,"s:39:4:39:Infinity":13,"b:42:2:44:Infinity:undefined:undefined:undefined:undefined":3,"s:42:2:44:Infinity":14,"s:43:4:43:Infinity":15,"s:46:2:46:Infinity":16,"f:56:22:56:37":1,"s:57:14:64:Infinity":17,"b:66:2:77:Infinity:undefined:undefined:undefined:undefined":4,"s:66:2:77:Infinity":18,"b:67:4:69:Infinity:undefined:undefined:undefined:undefined":5,"s:67:4:69:Infinity":19,"s:68:6:68:Infinity":20,"b:70:4:72:Infinity:undefined:undefined:undefined:undefined":6,"s:70:4:72:Infinity":21,"s:71:6:71:Infinity":22,"b:73:4:75:Infinity:undefined:undefined:undefined:undefined":7,"s:73:4:75:Infinity":23,"s:74:6:74:Infinity":24,"s:76:4:76:Infinity":25,"s:79:2:79:Infinity":26,"f:90:22:90:59":2,"b:90:98:90:101":8,"b:90:117:90:135":9,"s:91:14:91:Infinity":27,"b:91:51:91:57:91:57:91:61":10,"s:93:2:110:Infinity":28,"s:94:16:94:Infinity":29,"s:95:18:95:Infinity":30,"b:97:4:99:Infinity:undefined:undefined:undefined:undefined":11,"s:97:4:99:Infinity":31,"s:98:6:98:Infinity":32,"s:102:4:102:Infinity":33,"b:104:4:107:Infinity:undefined:undefined:undefined:undefined":12,"s:104:4:107:Infinity":34,"s:106:6:106:Infinity":35,"s:109:4:109:Infinity":36},"fnNames":{}}},"C:\\Tools\\IntecoCLI\\src\\utils\\config\\config.ts":{"path":"C:\\Tools\\IntecoCLI\\src\\utils\\config\\config.ts","statementMap":{"0":{"start":{"line":21,"column":22},"end":{"line":21,"column":null}},"1":{"start":{"line":24,"column":11},"end":{"line":24,"column":null}},"2":{"start":{"line":25,"column":42},"end":{"line":25,"column":null}},"3":{"start":{"line":28,"column":38},"end":{"line":28,"column":null}},"4":{"start":{"line":30,"column":8},"end":{"line":34,"column":null}},"5":{"start":{"line":31,"column":12},"end":{"line":33,"column":null}},"6":{"start":{"line":32,"column":16},"end":{"line":32,"column":null}},"7":{"start":{"line":36,"column":8},"end":{"line":36,"column":null}},"8":{"start":{"line":40,"column":8},"end":{"line":43,"column":null}},"9":{"start":{"line":41,"column":28},"end":{"line":41,"column":null}},"10":{"start":{"line":42,"column":12},"end":{"line":42,"column":null}},"11":{"start":{"line":45,"column":8},"end":{"line":74,"column":null}},"12":{"start":{"line":47,"column":12},"end":{"line":47,"column":null}},"13":{"start":{"line":48,"column":12},"end":{"line":48,"column":null}},"14":{"start":{"line":50,"column":25},"end":{"line":50,"column":null}},"15":{"start":{"line":51,"column":28},"end":{"line":51,"column":null}},"16":{"start":{"line":53,"column":12},"end":{"line":59,"column":null}},"17":{"start":{"line":55,"column":16},"end":{"line":58,"column":null}},"18":{"start":{"line":56,"column":20},"end":{"line":56,"column":null}},"19":{"start":{"line":57,"column":20},"end":{"line":57,"column":null}},"20":{"start":{"line":61,"column":12},"end":{"line":66,"column":null}},"21":{"start":{"line":62,"column":16},"end":{"line":65,"column":null}},"22":{"start":{"line":63,"column":20},"end":{"line":63,"column":null}},"23":{"start":{"line":64,"column":20},"end":{"line":64,"column":null}},"24":{"start":{"line":68,"column":12},"end":{"line":73,"column":null}},"25":{"start":{"line":69,"column":16},"end":{"line":69,"column":null}},"26":{"start":{"line":70,"column":16},"end":{"line":70,"column":null}},"27":{"start":{"line":72,"column":16},"end":{"line":72,"column":null}},"28":{"start":{"line":78,"column":8},"end":{"line":78,"column":null}},"29":{"start":{"line":80,"column":8},"end":{"line":82,"column":null}},"30":{"start":{"line":81,"column":12},"end":{"line":81,"column":null}},"31":{"start":{"line":84,"column":8},"end":{"line":84,"column":null}},"32":{"start":{"line":88,"column":8},"end":{"line":88,"column":null}},"33":{"start":{"line":89,"column":8},"end":{"line":89,"column":null}},"34":{"start":{"line":93,"column":8},"end":{"line":93,"column":null}},"35":{"start":{"line":95,"column":32},"end":{"line":95,"column":null}},"36":{"start":{"line":97,"column":8},"end":{"line":97,"column":null}},"37":{"start":{"line":99,"column":8},"end":{"line":99,"column":null}},"38":{"start":{"line":100,"column":8},"end":{"line":100,"column":null}},"39":{"start":{"line":104,"column":8},"end":{"line":104,"column":null}},"40":{"start":{"line":105,"column":8},"end":{"line":105,"column":null}}},"fnMap":{"0":{"name":"normalizeConfig","decl":{"start":{"line":27,"column":19},"end":{"line":27,"column":35}},"loc":{"start":{"line":27,"column":77},"end":{"line":37,"column":null}},"line":27},"1":{"name":"initConfig","decl":{"start":{"line":39,"column":17},"end":{"line":39,"column":45}},"loc":{"start":{"line":39,"column":45},"end":{"line":75,"column":null}},"line":39},"2":{"name":"(anonymous_2)","decl":{"start":{"line":53,"column":39},"end":{"line":53,"column":48}},"loc":{"start":{"line":53,"column":56},"end":{"line":59,"column":13}},"line":53},"3":{"name":"(anonymous_3)","decl":{"start":{"line":61,"column":41},"end":{"line":61,"column":50}},"loc":{"start":{"line":61,"column":58},"end":{"line":66,"column":13}},"line":61},"4":{"name":"getConfig","decl":{"start":{"line":77,"column":17},"end":{"line":77,"column":49}},"loc":{"start":{"line":77,"column":49},"end":{"line":85,"column":null}},"line":77},"5":{"name":"getConfigPath","decl":{"start":{"line":87,"column":17},"end":{"line":87,"column":50}},"loc":{"start":{"line":87,"column":50},"end":{"line":90,"column":null}},"line":87},"6":{"name":"setConfigField","decl":{"start":{"line":92,"column":17},"end":{"line":92,"column":32}},"loc":{"start":{"line":92,"column":78},"end":{"line":101,"column":null}},"line":92},"7":{"name":"setConfig","decl":{"start":{"line":103,"column":17},"end":{"line":103,"column":27}},"loc":{"start":{"line":103,"column":59},"end":{"line":106,"column":null}},"line":103}},"branchMap":{"0":{"loc":{"start":{"line":31,"column":12},"end":{"line":33,"column":null}},"type":"if","locations":[{"start":{"line":31,"column":12},"end":{"line":33,"column":null}},{"start":{},"end":{}}],"line":31},"1":{"loc":{"start":{"line":40,"column":8},"end":{"line":43,"column":null}},"type":"if","locations":[{"start":{"line":40,"column":8},"end":{"line":43,"column":null}},{"start":{},"end":{}}],"line":40},"2":{"loc":{"start":{"line":45,"column":8},"end":{"line":74,"column":null}},"type":"if","locations":[{"start":{"line":45,"column":8},"end":{"line":74,"column":null}},{"start":{"line":49,"column":15},"end":{"line":74,"column":null}}],"line":45},"3":{"loc":{"start":{"line":45,"column":12},"end":{"line":45,"column":75}},"type":"binary-expr","locations":[{"start":{"line":45,"column":12},"end":{"line":45,"column":32}},{"start":{"line":45,"column":32},"end":{"line":45,"column":75}}],"line":45},"4":{"loc":{"start":{"line":55,"column":16},"end":{"line":58,"column":null}},"type":"if","locations":[{"start":{"line":55,"column":16},"end":{"line":58,"column":null}},{"start":{},"end":{}}],"line":55},"5":{"loc":{"start":{"line":62,"column":16},"end":{"line":65,"column":null}},"type":"if","locations":[{"start":{"line":62,"column":16},"end":{"line":65,"column":null}},{"start":{},"end":{}}],"line":62},"6":{"loc":{"start":{"line":68,"column":12},"end":{"line":73,"column":null}},"type":"if","locations":[{"start":{"line":68,"column":12},"end":{"line":73,"column":null}},{"start":{"line":71,"column":19},"end":{"line":73,"column":null}}],"line":68},"7":{"loc":{"start":{"line":80,"column":8},"end":{"line":82,"column":null}},"type":"if","locations":[{"start":{"line":80,"column":8},"end":{"line":82,"column":null}},{"start":{},"end":{}}],"line":80},"8":{"loc":{"start":{"line":95,"column":38},"end":{"line":95,"column":72}},"type":"binary-expr","locations":[{"start":{"line":95,"column":38},"end":{"line":95,"column":57}},{"start":{"line":95,"column":57},"end":{"line":95,"column":72}}],"line":95}},"s":{"0":7,"1":7,"2":7,"3":6,"4":6,"5":42,"6":23,"7":6,"8":3,"9":3,"10":3,"11":3,"12":0,"13":0,"14":3,"15":3,"16":3,"17":21,"18":0,"19":0,"20":3,"21":21,"22":0,"23":0,"24":3,"25":0,"26":0,"27":3,"28":1,"29":1,"30":0,"31":1,"32":1,"33":1,"34":1,"35":1,"36":1,"37":1,"38":1,"39":1,"40":1},"f":{"0":7,"1":7,"2":21,"3":21,"4":7,"5":7,"6":7,"7":7},"b":{"0":[23,19],"1":[3,0],"2":[0,3],"3":[3,3],"4":[0,21],"5":[0,21],"6":[0,3],"7":[0,1],"8":[1,0]},"meta":{"lastBranch":9,"lastFunction":8,"lastStatement":41,"seen":{"s:21:22:21:Infinity":0,"s:24:11:24:Infinity":1,"s:25:42:25:Infinity":2,"f:27:19:27:35":0,"s:28:38:28:Infinity":3,"s:30:8:34:Infinity":4,"b:31:12:33:Infinity:undefined:undefined:undefined:undefined":0,"s:31:12:33:Infinity":5,"s:32:16:32:Infinity":6,"s:36:8:36:Infinity":7,"f:39:17:39:45":1,"b:40:8:43:Infinity:undefined:undefined:undefined:undefined":1,"s:40:8:43:Infinity":8,"s:41:28:41:Infinity":9,"s:42:12:42:Infinity":10,"b:45:8:74:Infinity:49:15:74:Infinity":2,"s:45:8:74:Infinity":11,"b:45:12:45:32:45:32:45:75":3,"s:47:12:47:Infinity":12,"s:48:12:48:Infinity":13,"s:50:25:50:Infinity":14,"s:51:28:51:Infinity":15,"s:53:12:59:Infinity":16,"f:53:39:53:48":2,"b:55:16:58:Infinity:undefined:undefined:undefined:undefined":4,"s:55:16:58:Infinity":17,"s:56:20:56:Infinity":18,"s:57:20:57:Infinity":19,"s:61:12:66:Infinity":20,"f:61:41:61:50":3,"b:62:16:65:Infinity:undefined:undefined:undefined:undefined":5,"s:62:16:65:Infinity":21,"s:63:20:63:Infinity":22,"s:64:20:64:Infinity":23,"b:68:12:73:Infinity:71:19:73:Infinity":6,"s:68:12:73:Infinity":24,"s:69:16:69:Infinity":25,"s:70:16:70:Infinity":26,"s:72:16:72:Infinity":27,"f:77:17:77:49":4,"s:78:8:78:Infinity":28,"b:80:8:82:Infinity:undefined:undefined:undefined:undefined":7,"s:80:8:82:Infinity":29,"s:81:12:81:Infinity":30,"s:84:8:84:Infinity":31,"f:87:17:87:50":5,"s:88:8:88:Infinity":32,"s:89:8:89:Infinity":33,"f:92:17:92:32":6,"s:93:8:93:Infinity":34,"s:95:32:95:Infinity":35,"b:95:38:95:57:95:57:95:72":8,"s:97:8:97:Infinity":36,"s:99:8:99:Infinity":37,"s:100:8:100:Infinity":38,"f:103:17:103:27":7,"s:104:8:104:Infinity":39,"s:105:8:105:Infinity":40},"fnNames":{}}},"C:\\Tools\\IntecoCLI\\src\\utils\\db\\DB.ts":{"path":"C:\\Tools\\IntecoCLI\\src\\utils\\db\\DB.ts","statementMap":{"0":{"start":{"line":6,"column":43},"end":{"line":6,"column":null}},"1":{"start":{"line":9,"column":23},"end":{"line":9,"column":null}},"2":{"start":{"line":11,"column":8},"end":{"line":16,"column":null}},"3":{"start":{"line":20,"column":8},"end":{"line":22,"column":null}},"4":{"start":{"line":21,"column":12},"end":{"line":21,"column":null}},"5":{"start":{"line":24,"column":8},"end":{"line":24,"column":null}},"6":{"start":{"line":28,"column":8},"end":{"line":31,"column":null}},"7":{"start":{"line":29,"column":12},"end":{"line":29,"column":null}},"8":{"start":{"line":30,"column":12},"end":{"line":30,"column":null}},"9":{"start":{"line":35,"column":8},"end":{"line":35,"column":null}},"10":{"start":{"line":37,"column":8},"end":{"line":43,"column":null}},"11":{"start":{"line":38,"column":30},"end":{"line":38,"column":null}},"12":{"start":{"line":40,"column":12},"end":{"line":40,"column":null}},"13":{"start":{"line":42,"column":12},"end":{"line":42,"column":null}},"14":{"start":{"line":47,"column":8},"end":{"line":47,"column":null}},"15":{"start":{"line":51,"column":8},"end":{"line":51,"column":null}},"16":{"start":{"line":55,"column":8},"end":{"line":55,"column":null}},"17":{"start":{"line":57,"column":51},"end":{"line":57,"column":null}},"18":{"start":{"line":59,"column":8},"end":{"line":64,"column":null}},"19":{"start":{"line":60,"column":27},"end":{"line":60,"column":null}},"20":{"start":{"line":61,"column":12},"end":{"line":61,"column":null}},"21":{"start":{"line":63,"column":12},"end":{"line":63,"column":null}},"22":{"start":{"line":66,"column":25},"end":{"line":71,"column":null}},"23":{"start":{"line":67,"column":12},"end":{"line":69,"column":null}},"24":{"start":{"line":68,"column":16},"end":{"line":68,"column":null}},"25":{"start":{"line":70,"column":12},"end":{"line":70,"column":null}},"26":{"start":{"line":73,"column":8},"end":{"line":73,"column":null}},"27":{"start":{"line":73,"column":41},"end":{"line":73,"column":67}}},"fnMap":{"0":{"name":"connect","decl":{"start":{"line":8,"column":17},"end":{"line":8,"column":25}},"loc":{"start":{"line":8,"column":59},"end":{"line":17,"column":null}},"line":8},"1":{"name":"getConnection","decl":{"start":{"line":19,"column":19},"end":{"line":19,"column":47}},"loc":{"start":{"line":19,"column":47},"end":{"line":25,"column":null}},"line":19},"2":{"name":"closeConnection","decl":{"start":{"line":27,"column":25},"end":{"line":27,"column":58}},"loc":{"start":{"line":27,"column":58},"end":{"line":32,"column":null}},"line":27},"3":{"name":"runQuery","decl":{"start":{"line":34,"column":25},"end":{"line":34,"column":34}},"loc":{"start":{"line":34,"column":88},"end":{"line":44,"column":null}},"line":34},"4":{"name":"executeQuery","decl":{"start":{"line":46,"column":17},"end":{"line":46,"column":30}},"loc":{"start":{"line":46,"column":65},"end":{"line":48,"column":null}},"line":46},"5":{"name":"executeQueryOnDB","decl":{"start":{"line":50,"column":17},"end":{"line":50,"column":34}},"loc":{"start":{"line":50,"column":81},"end":{"line":52,"column":null}},"line":50},"6":{"name":"getDatabaseNames","decl":{"start":{"line":54,"column":17},"end":{"line":54,"column":70}},"loc":{"start":{"line":54,"column":70},"end":{"line":74,"column":null}},"line":54},"7":{"name":"(anonymous_7)","decl":{"start":{"line":66,"column":33},"end":{"line":66,"column":41}},"loc":{"start":{"line":66,"column":49},"end":{"line":71,"column":9}},"line":66},"8":{"name":"(anonymous_8)","decl":{"start":{"line":73,"column":24},"end":{"line":73,"column":29}},"loc":{"start":{"line":73,"column":41},"end":{"line":73,"column":67}},"line":73}},"branchMap":{"0":{"loc":{"start":{"line":15,"column":22},"end":{"line":15,"column":null}},"type":"cond-expr","locations":[{"start":{"line":15,"column":35},"end":{"line":15,"column":40}},{"start":{"line":15,"column":40},"end":{"line":15,"column":null}}],"line":15},"1":{"loc":{"start":{"line":20,"column":8},"end":{"line":22,"column":null}},"type":"if","locations":[{"start":{"line":20,"column":8},"end":{"line":22,"column":null}},{"start":{},"end":{}}],"line":20},"2":{"loc":{"start":{"line":28,"column":8},"end":{"line":31,"column":null}},"type":"if","locations":[{"start":{"line":28,"column":8},"end":{"line":31,"column":null}},{"start":{},"end":{}}],"line":28},"3":{"loc":{"start":{"line":40,"column":19},"end":{"line":40,"column":null}},"type":"cond-expr","locations":[{"start":{"line":40,"column":45},"end":{"line":40,"column":69}},{"start":{"line":40,"column":69},"end":{"line":40,"column":null}}],"line":40},"4":{"loc":{"start":{"line":67,"column":12},"end":{"line":69,"column":null}},"type":"if","locations":[{"start":{"line":67,"column":12},"end":{"line":69,"column":null}},{"start":{},"end":{}}],"line":67},"5":{"loc":{"start":{"line":67,"column":16},"end":{"line":67,"column":150}},"type":"binary-expr","locations":[{"start":{"line":67,"column":16},"end":{"line":67,"column":42}},{"start":{"line":67,"column":42},"end":{"line":67,"column":83}},{"start":{"line":67,"column":83},"end":{"line":67,"column":111}},{"start":{"line":67,"column":111},"end":{"line":67,"column":150}}],"line":67}},"s":{"0":2,"1":4,"2":4,"3":4,"4":0,"5":4,"6":4,"7":4,"8":4,"9":3,"10":3,"11":3,"12":2,"13":3,"14":2,"15":1,"16":1,"17":1,"18":1,"19":1,"20":1,"21":1,"22":1,"23":6,"24":4,"25":2,"26":1,"27":2},"f":{"0":2,"1":2,"2":2,"3":2,"4":2,"5":2,"6":2,"7":6,"8":2},"b":{"0":[1,3],"1":[0,4],"2":[4,0],"3":[2,0],"4":[4,2],"5":[6,5,4,3]},"meta":{"lastBranch":6,"lastFunction":9,"lastStatement":28,"seen":{"s:6:43:6:Infinity":0,"f:8:17:8:25":0,"s:9:23:9:Infinity":1,"s:11:8:16:Infinity":2,"b:15:35:15:40:15:40:15:Infinity":0,"f:19:19:19:47":1,"b:20:8:22:Infinity:undefined:undefined:undefined:undefined":1,"s:20:8:22:Infinity":3,"s:21:12:21:Infinity":4,"s:24:8:24:Infinity":5,"f:27:25:27:58":2,"b:28:8:31:Infinity:undefined:undefined:undefined:undefined":2,"s:28:8:31:Infinity":6,"s:29:12:29:Infinity":7,"s:30:12:30:Infinity":8,"f:34:25:34:34":3,"s:35:8:35:Infinity":9,"s:37:8:43:Infinity":10,"s:38:30:38:Infinity":11,"s:40:12:40:Infinity":12,"b:40:45:40:69:40:69:40:Infinity":3,"s:42:12:42:Infinity":13,"f:46:17:46:30":4,"s:47:8:47:Infinity":14,"f:50:17:50:34":5,"s:51:8:51:Infinity":15,"f:54:17:54:70":6,"s:55:8:55:Infinity":16,"s:57:51:57:Infinity":17,"s:59:8:64:Infinity":18,"s:60:27:60:Infinity":19,"s:61:12:61:Infinity":20,"s:63:12:63:Infinity":21,"s:66:25:71:Infinity":22,"f:66:33:66:41":7,"b:67:12:69:Infinity:undefined:undefined:undefined:undefined":4,"s:67:12:69:Infinity":23,"b:67:16:67:42:67:42:67:83:67:83:67:111:67:111:67:150":5,"s:68:16:68:Infinity":24,"s:70:12:70:Infinity":25,"s:73:8:73:Infinity":26,"f:73:24:73:29":8,"s:73:41:73:67":27},"fnNames":{}}}}}